{"meta": {"format": 3, "version": "7.9.2", "timestamp": "2025-07-05T19:23:07.736700", "branch_coverage": false, "show_contexts": false}, "files": {"src/adversary_mcp_server/__init__.py": {"executed_lines": [1, 3, 4, 5, 6, 8, 9, 10, 11, 13], "summary": {"covered_lines": 9, "num_statements": 9, "percent_covered": 100.0, "percent_covered_display": "100", "missing_lines": 0, "excluded_lines": 0}, "missing_lines": [], "excluded_lines": [], "functions": {"": {"executed_lines": [1, 3, 4, 5, 6, 8, 9, 10, 11, 13], "summary": {"covered_lines": 9, "num_statements": 9, "percent_covered": 100.0, "percent_covered_display": "100", "missing_lines": 0, "excluded_lines": 0}, "missing_lines": [], "excluded_lines": []}}, "classes": {"": {"executed_lines": [1, 3, 4, 5, 6, 8, 9, 10, 11, 13], "summary": {"covered_lines": 9, "num_statements": 9, "percent_covered": 100.0, "percent_covered_display": "100", "missing_lines": 0, "excluded_lines": 0}, "missing_lines": [], "excluded_lines": []}}}, "src/adversary_mcp_server/ast_scanner.py": {"executed_lines": [1, 3, 4, 5, 6, 8, 9, 11, 22, 23, 25, 33, 34, 35, 36, 39, 41, 47, 48, 49, 50, 52, 54, 55, 57, 58, 60, 64, 73, 74, 75, 77, 87, 88, 90, 91, 92, 93, 95, 98, 99, 101, 103, 104, 105, 107, 116, 117, 120, 121, 122, 125, 127, 133, 135, 137, 138, 139, 141, 143, 144, 146, 148, 149, 150, 152, 154, 157, 158, 160, 162, 163, 164, 166, 167, 168, 169, 170, 173, 174, 176, 178, 179, 180, 182, 191, 192, 195, 196, 197, 200, 202, 208, 210, 214, 216, 218, 219, 220, 221, 222, 224, 226, 227, 228, 230, 232, 233, 234, 235, 236, 239, 240, 241, 243, 244, 246, 247, 248, 250, 252, 255, 257, 258, 259, 261, 262, 263, 264, 265, 266, 267, 273, 274, 276, 282, 283, 284, 286, 296, 297, 300, 301, 302, 303, 308, 309, 311, 313, 325, 328, 331, 334, 335, 336, 337, 339, 341, 351, 354, 357, 366, 367, 368, 369, 370, 371, 372, 377, 379, 388, 390, 391, 392, 393, 394, 395, 398, 400, 409, 410, 411, 412, 416, 427, 429, 430, 432, 434, 435, 436, 439, 457, 459, 461, 472, 474, 476, 477, 478, 481, 482, 483, 484, 485, 486, 491, 493, 494, 497, 500, 501, 503, 504, 505, 506, 540], "summary": {"covered_lines": 212, "num_statements": 249, "percent_covered": 85.14056224899599, "percent_covered_display": "85", "missing_lines": 37, "excluded_lines": 0}, "missing_lines": [62, 211, 253, 268, 269, 270, 305, 352, 373, 375, 414, 479, 487, 489, 495, 508, 510, 511, 512, 514, 516, 517, 519, 520, 521, 522, 524, 526, 527, 528, 530, 532, 533, 535, 536, 537, 538], "excluded_lines": [], "functions": {"CodeContext.__init__": {"executed_lines": [33, 34, 35, 36, 39], "summary": {"covered_lines": 5, "num_statements": 5, "percent_covered": 100.0, "percent_covered_display": "100", "missing_lines": 0, "excluded_lines": 0}, "missing_lines": [], "excluded_lines": []}, "CodeContext._parse_code": {"executed_lines": [47, 48, 49, 50, 52, 54, 55, 57, 58, 60], "summary": {"covered_lines": 10, "num_statements": 11, "percent_covered": 90.9090909090909, "percent_covered_display": "91", "missing_lines": 1, "excluded_lines": 0}, "missing_lines": [62], "excluded_lines": []}, "CodeContext.get_line_content": {"executed_lines": [73, 74, 75], "summary": {"covered_lines": 3, "num_statements": 3, "percent_covered": 100.0, "percent_covered_display": "100", "missing_lines": 0, "excluded_lines": 0}, "missing_lines": [], "excluded_lines": []}, "CodeContext.get_code_snippet": {"executed_lines": [87, 88, 90, 91, 92, 93, 95], "summary": {"covered_lines": 7, "num_statements": 7, "percent_covered": 100.0, "percent_covered_display": "100", "missing_lines": 0, "excluded_lines": 0}, "missing_lines": [], "excluded_lines": []}, "PythonAnalyzer.__init__": {"executed_lines": [103, 104, 105], "summary": {"covered_lines": 3, "num_statements": 3, "percent_covered": 100.0, "percent_covered_display": "100", "missing_lines": 0, "excluded_lines": 0}, "missing_lines": [], "excluded_lines": []}, "PythonAnalyzer.analyze": {"executed_lines": [116, 117, 120, 121, 122, 125, 127], "summary": {"covered_lines": 7, "num_statements": 7, "percent_covered": 100.0, "percent_covered_display": "100", "missing_lines": 0, "excluded_lines": 0}, "missing_lines": [], "excluded_lines": []}, "PythonAnalyzer._walk_ast": {"executed_lines": [135, 137, 138, 139, 141, 143, 144, 146, 148, 149, 150, 152, 154, 157, 158], "summary": {"covered_lines": 15, "num_statements": 15, "percent_covered": 100.0, "percent_covered_display": "100", "missing_lines": 0, "excluded_lines": 0}, "missing_lines": [], "excluded_lines": []}, "PythonAnalyzer._get_function_name": {"executed_lines": [162, 163, 164, 166, 167, 168, 169, 170], "summary": {"covered_lines": 8, "num_statements": 8, "percent_covered": 100.0, "percent_covered_display": "100", "missing_lines": 0, "excluded_lines": 0}, "missing_lines": [], "excluded_lines": []}, "JavaScriptAnalyzer.__init__": {"executed_lines": [178, 179, 180], "summary": {"covered_lines": 3, "num_statements": 3, "percent_covered": 100.0, "percent_covered_display": "100", "missing_lines": 0, "excluded_lines": 0}, "missing_lines": [], "excluded_lines": []}, "JavaScriptAnalyzer.analyze": {"executed_lines": [191, 192, 195, 196, 197, 200, 202], "summary": {"covered_lines": 7, "num_statements": 7, "percent_covered": 100.0, "percent_covered_display": "100", "missing_lines": 0, "excluded_lines": 0}, "missing_lines": [], "excluded_lines": []}, "JavaScriptAnalyzer._walk_ast": {"executed_lines": [210, 214, 216, 218, 219, 220, 221, 222, 224, 226, 227, 228, 230, 232, 233, 234, 235, 236, 239, 240, 241, 243, 244, 246, 247, 248], "summary": {"covered_lines": 26, "num_statements": 27, "percent_covered": 96.29629629629629, "percent_covered_display": "96", "missing_lines": 1, "excluded_lines": 0}, "missing_lines": [211], "excluded_lines": []}, "JavaScriptAnalyzer._get_function_name": {"executed_lines": [252, 255, 257, 258, 259, 261, 262, 263, 264, 265, 266, 267], "summary": {"covered_lines": 12, "num_statements": 16, "percent_covered": 75.0, "percent_covered_display": "75", "missing_lines": 4, "excluded_lines": 0}, "missing_lines": [253, 268, 269, 270], "excluded_lines": []}, "ASTScanner.__init__": {"executed_lines": [282, 283, 284], "summary": {"covered_lines": 3, "num_statements": 3, "percent_covered": 100.0, "percent_covered_display": "100", "missing_lines": 0, "excluded_lines": 0}, "missing_lines": [], "excluded_lines": []}, "ASTScanner.scan_file": {"executed_lines": [296, 297, 300, 301, 302, 303, 308, 309, 311], "summary": {"covered_lines": 9, "num_statements": 10, "percent_covered": 90.0, "percent_covered_display": "90", "missing_lines": 1, "excluded_lines": 0}, "missing_lines": [305], "excluded_lines": []}, "ASTScanner.scan_code": {"executed_lines": [325, 328, 331, 334, 335, 336, 337, 339], "summary": {"covered_lines": 8, "num_statements": 8, "percent_covered": 100.0, "percent_covered_display": "100", "missing_lines": 0, "excluded_lines": 0}, "missing_lines": [], "excluded_lines": []}, "ASTScanner.scan_directory": {"executed_lines": [351, 354, 357, 366, 367, 368, 369, 370, 371, 372, 377], "summary": {"covered_lines": 11, "num_statements": 14, "percent_covered": 78.57142857142857, "percent_covered_display": "79", "missing_lines": 3, "excluded_lines": 0}, "missing_lines": [352, 373, 375], "excluded_lines": []}, "ASTScanner._detect_language": {"executed_lines": [388, 390, 391, 392, 393, 394, 395, 398], "summary": {"covered_lines": 8, "num_statements": 8, "percent_covered": 100.0, "percent_covered_display": "100", "missing_lines": 0, "excluded_lines": 0}, "missing_lines": [], "excluded_lines": []}, "ASTScanner._analyze_code": {"executed_lines": [409, 410, 411, 412], "summary": {"covered_lines": 4, "num_statements": 5, "percent_covered": 80.0, "percent_covered_display": "80", "missing_lines": 1, "excluded_lines": 0}, "missing_lines": [414], "excluded_lines": []}, "ASTScanner._apply_rule": {"executed_lines": [427, 429, 430, 432, 434, 435, 436, 439, 457, 459], "summary": {"covered_lines": 10, "num_statements": 10, "percent_covered": 100.0, "percent_covered_display": "100", "missing_lines": 0, "excluded_lines": 0}, "missing_lines": [], "excluded_lines": []}, "ASTScanner._check_condition": {"executed_lines": [472, 474, 476, 477, 478, 481, 482, 483, 484, 485, 486, 491, 493, 494, 497, 500, 501, 503, 504, 505, 506, 540], "summary": {"covered_lines": 22, "num_statements": 48, "percent_covered": 45.833333333333336, "percent_covered_display": "46", "missing_lines": 26, "excluded_lines": 0}, "missing_lines": [479, 487, 489, 495, 508, 510, 511, 512, 514, 516, 517, 519, 520, 521, 522, 524, 526, 527, 528, 530, 532, 533, 535, 536, 537, 538], "excluded_lines": []}, "": {"executed_lines": [1, 3, 4, 5, 6, 8, 9, 11, 22, 23, 25, 41, 64, 77, 98, 99, 101, 107, 133, 160, 173, 174, 176, 182, 208, 250, 273, 274, 276, 286, 313, 341, 379, 400, 416, 461], "summary": {"covered_lines": 31, "num_statements": 31, "percent_covered": 100.0, "percent_covered_display": "100", "missing_lines": 0, "excluded_lines": 0}, "missing_lines": [], "excluded_lines": []}}, "classes": {"CodeContext": {"executed_lines": [33, 34, 35, 36, 39, 47, 48, 49, 50, 52, 54, 55, 57, 58, 60, 73, 74, 75, 87, 88, 90, 91, 92, 93, 95], "summary": {"covered_lines": 25, "num_statements": 26, "percent_covered": 96.15384615384616, "percent_covered_display": "96", "missing_lines": 1, "excluded_lines": 0}, "missing_lines": [62], "excluded_lines": []}, "PythonAnalyzer": {"executed_lines": [103, 104, 105, 116, 117, 120, 121, 122, 125, 127, 135, 137, 138, 139, 141, 143, 144, 146, 148, 149, 150, 152, 154, 157, 158, 162, 163, 164, 166, 167, 168, 169, 170], "summary": {"covered_lines": 33, "num_statements": 33, "percent_covered": 100.0, "percent_covered_display": "100", "missing_lines": 0, "excluded_lines": 0}, "missing_lines": [], "excluded_lines": []}, "JavaScriptAnalyzer": {"executed_lines": [178, 179, 180, 191, 192, 195, 196, 197, 200, 202, 210, 214, 216, 218, 219, 220, 221, 222, 224, 226, 227, 228, 230, 232, 233, 234, 235, 236, 239, 240, 241, 243, 244, 246, 247, 248, 252, 255, 257, 258, 259, 261, 262, 263, 264, 265, 266, 267], "summary": {"covered_lines": 48, "num_statements": 53, "percent_covered": 90.56603773584905, "percent_covered_display": "91", "missing_lines": 5, "excluded_lines": 0}, "missing_lines": [211, 253, 268, 269, 270], "excluded_lines": []}, "ASTScanner": {"executed_lines": [282, 283, 284, 296, 297, 300, 301, 302, 303, 308, 309, 311, 325, 328, 331, 334, 335, 336, 337, 339, 351, 354, 357, 366, 367, 368, 369, 370, 371, 372, 377, 388, 390, 391, 392, 393, 394, 395, 398, 409, 410, 411, 412, 427, 429, 430, 432, 434, 435, 436, 439, 457, 459, 472, 474, 476, 477, 478, 481, 482, 483, 484, 485, 486, 491, 493, 494, 497, 500, 501, 503, 504, 505, 506, 540], "summary": {"covered_lines": 75, "num_statements": 106, "percent_covered": 70.75471698113208, "percent_covered_display": "71", "missing_lines": 31, "excluded_lines": 0}, "missing_lines": [305, 352, 373, 375, 414, 479, 487, 489, 495, 508, 510, 511, 512, 514, 516, 517, 519, 520, 521, 522, 524, 526, 527, 528, 530, 532, 533, 535, 536, 537, 538], "excluded_lines": []}, "": {"executed_lines": [1, 3, 4, 5, 6, 8, 9, 11, 22, 23, 25, 41, 64, 77, 98, 99, 101, 107, 133, 160, 173, 174, 176, 182, 208, 250, 273, 274, 276, 286, 313, 341, 379, 400, 416, 461], "summary": {"covered_lines": 31, "num_statements": 31, "percent_covered": 100.0, "percent_covered_display": "100", "missing_lines": 0, "excluded_lines": 0}, "missing_lines": [], "excluded_lines": []}}}, "src/adversary_mcp_server/cli.py": {"executed_lines": [1, 3, 4, 5, 6, 7, 9, 10, 11, 12, 13, 15, 16, 17, 18, 21, 24, 25, 26, 28, 31, 32, 39, 45, 50, 55, 62, 63, 66, 67, 68, 69, 72, 73, 75, 76, 77, 80, 82, 85, 86, 87, 89, 90, 91, 92, 94, 96, 97, 98, 101, 102, 104, 105, 106, 107, 110, 111, 112, 114, 117, 118, 119, 121, 122, 123, 124, 125, 126, 127, 129, 132, 133, 134, 135, 137, 138, 139, 140, 142, 143, 145, 147, 149, 150, 151, 154, 155, 156, 161, 167, 172, 177, 182, 187, 197, 198, 201, 202, 203, 204, 206, 209, 211, 212, 213, 215, 218, 221, 222, 223, 225, 231, 232, 234, 235, 236, 237, 242, 245, 246, 247, 249, 250, 251, 254, 255, 259, 264, 269, 274, 276, 277, 278, 281, 282, 284, 285, 286, 287, 288, 290, 291, 294, 295, 296, 297, 298, 299, 301, 302, 310, 313, 314, 315, 316, 318, 319, 320, 323, 324, 325, 327, 328, 329, 331, 332, 333, 336, 338, 339, 340, 342, 343, 344, 345, 346, 348, 349, 351, 352, 354, 355, 357, 360, 361, 362, 363, 365, 366, 368, 371, 372, 373, 374, 375, 376, 377, 380, 381, 382, 383, 385, 386, 387, 390, 391, 393, 394, 397, 439, 442, 443, 444, 445, 447, 449, 450, 452, 453, 455, 456, 457, 459, 461, 462, 463, 465, 467, 468, 469, 472, 473, 475, 476, 477, 478, 479, 480, 481, 482, 485, 487, 488, 489, 492, 493, 494, 495, 497, 498, 499, 500, 501, 502, 504, 507, 508, 509, 510, 511, 512, 514, 515, 522, 530, 533, 535, 536, 537, 555, 556, 559, 561, 564], "summary": {"covered_lines": 274, "num_statements": 277, "percent_covered": 98.91696750902527, "percent_covered_display": "99", "missing_lines": 3, "excluded_lines": 0}, "missing_lines": [238, 239, 565], "excluded_lines": [], "functions": {"cli": {"executed_lines": [28], "summary": {"covered_lines": 1, "num_statements": 1, "percent_covered": 100.0, "percent_covered_display": "100", "missing_lines": 0, "excluded_lines": 0}, "missing_lines": [], "excluded_lines": []}, "configure": {"executed_lines": [62, 63, 66, 67, 68, 69, 72, 73, 75, 76, 77, 80, 82, 85, 86, 87, 89, 90, 91, 92, 94, 96, 97, 98], "summary": {"covered_lines": 24, "num_statements": 24, "percent_covered": 100.0, "percent_covered_display": "100", "missing_lines": 0, "excluded_lines": 0}, "missing_lines": [], "excluded_lines": []}, "status": {"executed_lines": [104, 105, 106, 107, 110, 111, 112, 114, 117, 118, 119, 121, 122, 123, 124, 125, 126, 127, 129, 132, 133, 134, 135, 137, 138, 139, 140, 142, 143, 145, 147, 149, 150, 151], "summary": {"covered_lines": 34, "num_statements": 34, "percent_covered": 100.0, "percent_covered_display": "100", "missing_lines": 0, "excluded_lines": 0}, "missing_lines": [], "excluded_lines": []}, "scan": {"executed_lines": [197, 198, 201, 202, 203, 204, 206, 209, 211, 212, 213, 215, 218, 221, 222, 223, 225, 231, 232, 234, 235, 236, 237, 242, 245, 246, 247, 249, 250, 251], "summary": {"covered_lines": 30, "num_statements": 32, "percent_covered": 93.75, "percent_covered_display": "94", "missing_lines": 2, "excluded_lines": 0}, "missing_lines": [238, 239], "excluded_lines": []}, "list_rules": {"executed_lines": [276, 277, 278, 281, 282, 284, 285, 286, 287, 288, 290, 291, 294, 295, 296, 297, 298, 299, 301, 302, 310, 313, 314, 315, 316, 318, 319, 320], "summary": {"covered_lines": 28, "num_statements": 28, "percent_covered": 100.0, "percent_covered_display": "100", "missing_lines": 0, "excluded_lines": 0}, "missing_lines": [], "excluded_lines": []}, "rule_details": {"executed_lines": [327, 328, 329, 331, 332, 333, 336, 338, 339, 340, 342, 343, 344, 345, 346, 348, 349, 351, 352, 354, 355, 357, 360, 361, 362, 363, 365, 366, 368, 371, 372, 373, 374, 375, 376, 377, 380, 381, 382, 383, 385, 386, 387], "summary": {"covered_lines": 43, "num_statements": 43, "percent_covered": 100.0, "percent_covered_display": "100", "missing_lines": 0, "excluded_lines": 0}, "missing_lines": [], "excluded_lines": []}, "demo": {"executed_lines": [393, 394, 397, 439, 442, 443, 444, 445, 447, 449, 450, 452, 453, 455, 456, 457, 459, 461, 462, 463, 465, 467, 468, 469], "summary": {"covered_lines": 24, "num_statements": 24, "percent_covered": 100.0, "percent_covered_display": "100", "missing_lines": 0, "excluded_lines": 0}, "missing_lines": [], "excluded_lines": []}, "reset": {"executed_lines": [475, 476, 477, 478, 479, 480, 481, 482], "summary": {"covered_lines": 8, "num_statements": 8, "percent_covered": 100.0, "percent_covered_display": "100", "missing_lines": 0, "excluded_lines": 0}, "missing_lines": [], "excluded_lines": []}, "_display_scan_results": {"executed_lines": [487, 488, 489, 492, 493, 494, 495, 497, 498, 499, 500, 501, 502, 504, 507, 508, 509, 510, 511, 512, 514, 515, 522, 530], "summary": {"covered_lines": 24, "num_statements": 24, "percent_covered": 100.0, "percent_covered_display": "100", "missing_lines": 0, "excluded_lines": 0}, "missing_lines": [], "excluded_lines": []}, "_save_results_to_file": {"executed_lines": [535, 536, 537, 555, 556], "summary": {"covered_lines": 5, "num_statements": 5, "percent_covered": 100.0, "percent_covered_display": "100", "missing_lines": 0, "excluded_lines": 0}, "missing_lines": [], "excluded_lines": []}, "main": {"executed_lines": [561], "summary": {"covered_lines": 1, "num_statements": 1, "percent_covered": 100.0, "percent_covered_display": "100", "missing_lines": 0, "excluded_lines": 0}, "missing_lines": [], "excluded_lines": []}, "": {"executed_lines": [1, 3, 4, 5, 6, 7, 9, 10, 11, 12, 13, 15, 16, 17, 18, 21, 24, 25, 26, 31, 32, 39, 45, 50, 55, 101, 102, 154, 155, 156, 161, 167, 172, 177, 182, 187, 254, 255, 259, 264, 269, 274, 323, 324, 325, 390, 391, 472, 473, 485, 533, 559, 564], "summary": {"covered_lines": 52, "num_statements": 53, "percent_covered": 98.11320754716981, "percent_covered_display": "98", "missing_lines": 1, "excluded_lines": 0}, "missing_lines": [565], "excluded_lines": []}}, "classes": {"": {"executed_lines": [1, 3, 4, 5, 6, 7, 9, 10, 11, 12, 13, 15, 16, 17, 18, 21, 24, 25, 26, 28, 31, 32, 39, 45, 50, 55, 62, 63, 66, 67, 68, 69, 72, 73, 75, 76, 77, 80, 82, 85, 86, 87, 89, 90, 91, 92, 94, 96, 97, 98, 101, 102, 104, 105, 106, 107, 110, 111, 112, 114, 117, 118, 119, 121, 122, 123, 124, 125, 126, 127, 129, 132, 133, 134, 135, 137, 138, 139, 140, 142, 143, 145, 147, 149, 150, 151, 154, 155, 156, 161, 167, 172, 177, 182, 187, 197, 198, 201, 202, 203, 204, 206, 209, 211, 212, 213, 215, 218, 221, 222, 223, 225, 231, 232, 234, 235, 236, 237, 242, 245, 246, 247, 249, 250, 251, 254, 255, 259, 264, 269, 274, 276, 277, 278, 281, 282, 284, 285, 286, 287, 288, 290, 291, 294, 295, 296, 297, 298, 299, 301, 302, 310, 313, 314, 315, 316, 318, 319, 320, 323, 324, 325, 327, 328, 329, 331, 332, 333, 336, 338, 339, 340, 342, 343, 344, 345, 346, 348, 349, 351, 352, 354, 355, 357, 360, 361, 362, 363, 365, 366, 368, 371, 372, 373, 374, 375, 376, 377, 380, 381, 382, 383, 385, 386, 387, 390, 391, 393, 394, 397, 439, 442, 443, 444, 445, 447, 449, 450, 452, 453, 455, 456, 457, 459, 461, 462, 463, 465, 467, 468, 469, 472, 473, 475, 476, 477, 478, 479, 480, 481, 482, 485, 487, 488, 489, 492, 493, 494, 495, 497, 498, 499, 500, 501, 502, 504, 507, 508, 509, 510, 511, 512, 514, 515, 522, 530, 533, 535, 536, 537, 555, 556, 559, 561, 564], "summary": {"covered_lines": 274, "num_statements": 277, "percent_covered": 98.91696750902527, "percent_covered_display": "99", "missing_lines": 3, "excluded_lines": 0}, "missing_lines": [238, 239, 565], "excluded_lines": []}}}, "src/adversary_mcp_server/credential_manager.py": {"executed_lines": [1, 3, 4, 5, 6, 7, 8, 9, 10, 11, 13, 14, 15, 16, 17, 20, 21, 22, 25, 26, 27, 30, 31, 32, 35, 36, 39, 40, 41, 44, 45, 48, 49, 50, 53, 54, 55, 58, 59, 60, 63, 64, 65, 68, 69, 70, 73, 74, 76, 82, 83, 85, 86, 87, 90, 92, 94, 97, 98, 103, 105, 111, 113, 123, 124, 125, 127, 129, 134, 148, 149, 150, 151, 153, 154, 156, 157, 158, 160, 163, 166, 174, 182, 183, 185, 187, 196, 197, 198, 199, 200, 201, 203, 209, 210, 211, 212, 213, 214, 215, 216, 218, 224, 225, 226, 230, 239, 240, 241, 242, 244, 245, 248, 253, 259, 260, 262, 263, 264, 266, 267, 273, 274, 285, 291, 292, 294, 298, 308, 309, 312, 314, 324, 325, 326, 329, 330, 331, 334, 336, 339, 342, 344, 351, 352, 355, 357, 363, 364, 365, 369, 375, 376, 377], "summary": {"covered_lines": 147, "num_statements": 170, "percent_covered": 86.47058823529412, "percent_covered_display": "86", "missing_lines": 23, "excluded_lines": 0}, "missing_lines": [99, 101, 167, 168, 169, 170, 171, 175, 176, 177, 178, 179, 227, 228, 250, 251, 276, 283, 293, 295, 296, 366, 367], "excluded_lines": [], "functions": {"CredentialManager.__init__": {"executed_lines": [82, 83, 85, 86, 87, 90], "summary": {"covered_lines": 6, "num_statements": 6, "percent_covered": 100.0, "percent_covered_display": "100", "missing_lines": 0, "excluded_lines": 0}, "missing_lines": [], "excluded_lines": []}, "CredentialManager._ensure_config_dir": {"executed_lines": [94, 97, 98], "summary": {"covered_lines": 3, "num_statements": 5, "percent_covered": 60.0, "percent_covered_display": "60", "missing_lines": 2, "excluded_lines": 0}, "missing_lines": [99, 101], "excluded_lines": []}, "CredentialManager._derive_key": {"executed_lines": [105, 111], "summary": {"covered_lines": 2, "num_statements": 2, "percent_covered": 100.0, "percent_covered_display": "100", "missing_lines": 0, "excluded_lines": 0}, "missing_lines": [], "excluded_lines": []}, "CredentialManager._encrypt_data": {"executed_lines": [123, 124, 125, 127, 129], "summary": {"covered_lines": 5, "num_statements": 5, "percent_covered": 100.0, "percent_covered_display": "100", "missing_lines": 0, "excluded_lines": 0}, "missing_lines": [], "excluded_lines": []}, "CredentialManager._decrypt_data": {"executed_lines": [148, 149, 150, 151, 153, 154, 156, 157, 158], "summary": {"covered_lines": 9, "num_statements": 9, "percent_covered": 100.0, "percent_covered_display": "100", "missing_lines": 0, "excluded_lines": 0}, "missing_lines": [], "excluded_lines": []}, "CredentialManager._get_machine_id": {"executed_lines": [163, 166, 174, 182, 183, 185], "summary": {"covered_lines": 6, "num_statements": 16, "percent_covered": 37.5, "percent_covered_display": "38", "missing_lines": 10, "excluded_lines": 0}, "missing_lines": [167, 168, 169, 170, 171, 175, 176, 177, 178, 179], "excluded_lines": []}, "CredentialManager._try_keyring_storage": {"executed_lines": [196, 197, 198, 199, 200, 201], "summary": {"covered_lines": 6, "num_statements": 6, "percent_covered": 100.0, "percent_covered_display": "100", "missing_lines": 0, "excluded_lines": 0}, "missing_lines": [], "excluded_lines": []}, "CredentialManager._try_keyring_retrieval": {"executed_lines": [209, 210, 211, 212, 213, 214, 215, 216], "summary": {"covered_lines": 8, "num_statements": 8, "percent_covered": 100.0, "percent_covered_display": "100", "missing_lines": 0, "excluded_lines": 0}, "missing_lines": [], "excluded_lines": []}, "CredentialManager._try_keyring_deletion": {"executed_lines": [224, 225, 226], "summary": {"covered_lines": 3, "num_statements": 5, "percent_covered": 60.0, "percent_covered_display": "60", "missing_lines": 2, "excluded_lines": 0}, "missing_lines": [227, 228], "excluded_lines": []}, "CredentialManager._store_file_config": {"executed_lines": [239, 240, 241, 242, 244, 245, 248], "summary": {"covered_lines": 7, "num_statements": 9, "percent_covered": 77.77777777777777, "percent_covered_display": "78", "missing_lines": 2, "excluded_lines": 0}, "missing_lines": [250, 251], "excluded_lines": []}, "CredentialManager._load_file_config": {"executed_lines": [259, 260, 262, 263, 264, 266, 267, 273, 274], "summary": {"covered_lines": 9, "num_statements": 11, "percent_covered": 81.81818181818181, "percent_covered_display": "82", "missing_lines": 2, "excluded_lines": 0}, "missing_lines": [276, 283], "excluded_lines": []}, "CredentialManager._delete_file_config": {"executed_lines": [291, 292, 294], "summary": {"covered_lines": 3, "num_statements": 6, "percent_covered": 50.0, "percent_covered_display": "50", "missing_lines": 3, "excluded_lines": 0}, "missing_lines": [293, 295, 296], "excluded_lines": []}, "CredentialManager.store_config": {"executed_lines": [308, 309, 312], "summary": {"covered_lines": 3, "num_statements": 3, "percent_covered": 100.0, "percent_covered_display": "100", "missing_lines": 0, "excluded_lines": 0}, "missing_lines": [], "excluded_lines": []}, "CredentialManager.load_config": {"executed_lines": [324, 325, 326, 329, 330, 331, 334], "summary": {"covered_lines": 7, "num_statements": 7, "percent_covered": 100.0, "percent_covered_display": "100", "missing_lines": 0, "excluded_lines": 0}, "missing_lines": [], "excluded_lines": []}, "CredentialManager.delete_config": {"executed_lines": [339, 342], "summary": {"covered_lines": 2, "num_statements": 2, "percent_covered": 100.0, "percent_covered_display": "100", "missing_lines": 0, "excluded_lines": 0}, "missing_lines": [], "excluded_lines": []}, "CredentialManager.has_config": {"executed_lines": [351, 352, 355], "summary": {"covered_lines": 3, "num_statements": 3, "percent_covered": 100.0, "percent_covered_display": "100", "missing_lines": 0, "excluded_lines": 0}, "missing_lines": [], "excluded_lines": []}, "CredentialManager.get_openai_api_key": {"executed_lines": [363, 364, 365], "summary": {"covered_lines": 3, "num_statements": 5, "percent_covered": 60.0, "percent_covered_display": "60", "missing_lines": 2, "excluded_lines": 0}, "missing_lines": [366, 367], "excluded_lines": []}, "CredentialManager.update_openai_api_key": {"executed_lines": [375, 376, 377], "summary": {"covered_lines": 3, "num_statements": 3, "percent_covered": 100.0, "percent_covered_display": "100", "missing_lines": 0, "excluded_lines": 0}, "missing_lines": [], "excluded_lines": []}, "": {"executed_lines": [1, 3, 4, 5, 6, 7, 8, 9, 10, 11, 13, 14, 15, 16, 17, 20, 21, 22, 25, 26, 27, 30, 31, 32, 35, 36, 39, 40, 41, 44, 45, 48, 49, 50, 53, 54, 55, 58, 59, 60, 63, 64, 65, 68, 69, 70, 73, 74, 76, 92, 103, 113, 134, 160, 187, 203, 218, 230, 253, 285, 298, 314, 336, 344, 357, 369], "summary": {"covered_lines": 59, "num_statements": 59, "percent_covered": 100.0, "percent_covered_display": "100", "missing_lines": 0, "excluded_lines": 0}, "missing_lines": [], "excluded_lines": []}}, "classes": {"SecurityConfig": {"executed_lines": [], "summary": {"covered_lines": 0, "num_statements": 0, "percent_covered": 100.0, "percent_covered_display": "100", "missing_lines": 0, "excluded_lines": 0}, "missing_lines": [], "excluded_lines": []}, "CredentialError": {"executed_lines": [], "summary": {"covered_lines": 0, "num_statements": 0, "percent_covered": 100.0, "percent_covered_display": "100", "missing_lines": 0, "excluded_lines": 0}, "missing_lines": [], "excluded_lines": []}, "CredentialNotFoundError": {"executed_lines": [], "summary": {"covered_lines": 0, "num_statements": 0, "percent_covered": 100.0, "percent_covered_display": "100", "missing_lines": 0, "excluded_lines": 0}, "missing_lines": [], "excluded_lines": []}, "CredentialStorageError": {"executed_lines": [], "summary": {"covered_lines": 0, "num_statements": 0, "percent_covered": 100.0, "percent_covered_display": "100", "missing_lines": 0, "excluded_lines": 0}, "missing_lines": [], "excluded_lines": []}, "CredentialDecryptionError": {"executed_lines": [], "summary": {"covered_lines": 0, "num_statements": 0, "percent_covered": 100.0, "percent_covered_display": "100", "missing_lines": 0, "excluded_lines": 0}, "missing_lines": [], "excluded_lines": []}, "CredentialManager": {"executed_lines": [82, 83, 85, 86, 87, 90, 94, 97, 98, 105, 111, 123, 124, 125, 127, 129, 148, 149, 150, 151, 153, 154, 156, 157, 158, 163, 166, 174, 182, 183, 185, 196, 197, 198, 199, 200, 201, 209, 210, 211, 212, 213, 214, 215, 216, 224, 225, 226, 239, 240, 241, 242, 244, 245, 248, 259, 260, 262, 263, 264, 266, 267, 273, 274, 291, 292, 294, 308, 309, 312, 324, 325, 326, 329, 330, 331, 334, 339, 342, 351, 352, 355, 363, 364, 365, 375, 376, 377], "summary": {"covered_lines": 88, "num_statements": 111, "percent_covered": 79.27927927927928, "percent_covered_display": "79", "missing_lines": 23, "excluded_lines": 0}, "missing_lines": [99, 101, 167, 168, 169, 170, 171, 175, 176, 177, 178, 179, 227, 228, 250, 251, 276, 283, 293, 295, 296, 366, 367], "excluded_lines": []}, "": {"executed_lines": [1, 3, 4, 5, 6, 7, 8, 9, 10, 11, 13, 14, 15, 16, 17, 20, 21, 22, 25, 26, 27, 30, 31, 32, 35, 36, 39, 40, 41, 44, 45, 48, 49, 50, 53, 54, 55, 58, 59, 60, 63, 64, 65, 68, 69, 70, 73, 74, 76, 92, 103, 113, 134, 160, 187, 203, 218, 230, 253, 285, 298, 314, 336, 344, 357, 369], "summary": {"covered_lines": 59, "num_statements": 59, "percent_covered": 100.0, "percent_covered_display": "100", "missing_lines": 0, "excluded_lines": 0}, "missing_lines": [], "excluded_lines": []}}}, "src/adversary_mcp_server/exploit_generator.py": {"executed_lines": [1, 3, 4, 5, 7, 8, 10, 11, 14, 15, 16, 19, 20, 22, 31, 32, 33, 36, 37, 39, 41, 60, 69, 78, 81, 82, 83, 86, 87, 89, 91, 100, 101, 102, 103, 106, 107, 109, 111, 112, 114, 116, 199, 209, 212, 213, 215, 222, 225, 226, 228, 234, 235, 237, 238, 239, 241, 250, 253, 255, 256, 274, 277, 279, 281, 282, 284, 293, 295, 327, 329, 339, 342, 343, 344, 347, 348, 350, 353, 354, 356, 362, 363, 364, 365, 368, 369, 370, 372, 384, 387, 391, 392, 395, 396, 397, 398, 400, 402, 405, 406, 409, 410, 411, 412, 413, 414, 415, 417, 419, 429, 432, 439, 441, 442, 443, 453, 454, 460, 462, 469, 471, 477, 479, 488, 498, 507, 514], "summary": {"covered_lines": 121, "num_statements": 127, "percent_covered": 95.2755905511811, "percent_covered_display": "95", "missing_lines": 6, "excluded_lines": 0}, "missing_lines": [210, 251, 388, 399, 456, 458], "excluded_lines": [], "functions": {"ExploitContext.__init__": {"executed_lines": [31, 32, 33], "summary": {"covered_lines": 3, "num_statements": 3, "percent_covered": 100.0, "percent_covered_display": "100", "missing_lines": 0, "excluded_lines": 0}, "missing_lines": [], "excluded_lines": []}, "SafetyFilter.__init__": {"executed_lines": [41, 60], "summary": {"covered_lines": 2, "num_statements": 2, "percent_covered": 100.0, "percent_covered_display": "100", "missing_lines": 0, "excluded_lines": 0}, "missing_lines": [], "excluded_lines": []}, "SafetyFilter.filter_exploit": {"executed_lines": [78, 81, 82, 83, 86, 87, 89], "summary": {"covered_lines": 7, "num_statements": 7, "percent_covered": 100.0, "percent_covered_display": "100", "missing_lines": 0, "excluded_lines": 0}, "missing_lines": [], "excluded_lines": []}, "SafetyFilter.is_safe_exploit": {"executed_lines": [100, 101, 102, 103], "summary": {"covered_lines": 4, "num_statements": 4, "percent_covered": 100.0, "percent_covered_display": "100", "missing_lines": 0, "excluded_lines": 0}, "missing_lines": [], "excluded_lines": []}, "TemplateEngine.__init__": {"executed_lines": [111, 112], "summary": {"covered_lines": 2, "num_statements": 2, "percent_covered": 100.0, "percent_covered_display": "100", "missing_lines": 0, "excluded_lines": 0}, "missing_lines": [], "excluded_lines": []}, "TemplateEngine._load_default_templates": {"executed_lines": [116], "summary": {"covered_lines": 1, "num_statements": 1, "percent_covered": 100.0, "percent_covered_display": "100", "missing_lines": 0, "excluded_lines": 0}, "missing_lines": [], "excluded_lines": []}, "TemplateEngine.generate_from_template": {"executed_lines": [209, 212, 213], "summary": {"covered_lines": 3, "num_statements": 4, "percent_covered": 75.0, "percent_covered_display": "75", "missing_lines": 1, "excluded_lines": 0}, "missing_lines": [210], "excluded_lines": []}, "TemplateEngine.add_template": {"executed_lines": [222], "summary": {"covered_lines": 1, "num_statements": 1, "percent_covered": 100.0, "percent_covered_display": "100", "missing_lines": 0, "excluded_lines": 0}, "missing_lines": [], "excluded_lines": []}, "LLMExploitGenerator.__init__": {"executed_lines": [234, 235, 237, 238, 239], "summary": {"covered_lines": 5, "num_statements": 5, "percent_covered": 100.0, "percent_covered_display": "100", "missing_lines": 0, "excluded_lines": 0}, "missing_lines": [], "excluded_lines": []}, "LLMExploitGenerator.generate_exploit": {"executed_lines": [250, 253, 255, 256, 274, 277, 279, 281, 282], "summary": {"covered_lines": 9, "num_statements": 10, "percent_covered": 90.0, "percent_covered_display": "90", "missing_lines": 1, "excluded_lines": 0}, "missing_lines": [251], "excluded_lines": []}, "LLMExploitGenerator._create_prompt": {"executed_lines": [293, 295, 327], "summary": {"covered_lines": 3, "num_statements": 3, "percent_covered": 100.0, "percent_covered_display": "100", "missing_lines": 0, "excluded_lines": 0}, "missing_lines": [], "excluded_lines": []}, "LLMExploitGenerator._parse_exploits": {"executed_lines": [339, 342, 343, 344, 347, 348, 350], "summary": {"covered_lines": 7, "num_statements": 7, "percent_covered": 100.0, "percent_covered_display": "100", "missing_lines": 0, "excluded_lines": 0}, "missing_lines": [], "excluded_lines": []}, "ExploitGenerator.__init__": {"executed_lines": [362, 363, 364, 365, 368, 369, 370], "summary": {"covered_lines": 7, "num_statements": 7, "percent_covered": 100.0, "percent_covered_display": "100", "missing_lines": 0, "excluded_lines": 0}, "missing_lines": [], "excluded_lines": []}, "ExploitGenerator.generate_exploits": {"executed_lines": [384, 387, 391, 392, 395, 396, 397, 398, 400, 402, 405, 406, 409, 410, 411, 412, 413, 414, 415, 417], "summary": {"covered_lines": 20, "num_statements": 22, "percent_covered": 90.9090909090909, "percent_covered_display": "91", "missing_lines": 2, "excluded_lines": 0}, "missing_lines": [388, 399], "excluded_lines": []}, "ExploitGenerator._generate_from_templates": {"executed_lines": [429, 432, 439, 441, 442, 443, 453, 454, 460], "summary": {"covered_lines": 9, "num_statements": 11, "percent_covered": 81.81818181818181, "percent_covered_display": "82", "missing_lines": 2, "excluded_lines": 0}, "missing_lines": [456, 458], "excluded_lines": []}, "ExploitGenerator.add_custom_template": {"executed_lines": [469], "summary": {"covered_lines": 1, "num_statements": 1, "percent_covered": 100.0, "percent_covered_display": "100", "missing_lines": 0, "excluded_lines": 0}, "missing_lines": [], "excluded_lines": []}, "ExploitGenerator.is_llm_available": {"executed_lines": [477], "summary": {"covered_lines": 1, "num_statements": 1, "percent_covered": 100.0, "percent_covered_display": "100", "missing_lines": 0, "excluded_lines": 0}, "missing_lines": [], "excluded_lines": []}, "ExploitGenerator.get_exploit_metadata": {"executed_lines": [488], "summary": {"covered_lines": 1, "num_statements": 1, "percent_covered": 100.0, "percent_covered_display": "100", "missing_lines": 0, "excluded_lines": 0}, "missing_lines": [], "excluded_lines": []}, "ExploitGenerator._get_available_templates": {"executed_lines": [507, 514], "summary": {"covered_lines": 2, "num_statements": 2, "percent_covered": 100.0, "percent_covered_display": "100", "missing_lines": 0, "excluded_lines": 0}, "missing_lines": [], "excluded_lines": []}, "": {"executed_lines": [1, 3, 4, 5, 7, 8, 10, 11, 14, 15, 16, 19, 20, 22, 36, 37, 39, 69, 91, 106, 107, 109, 114, 199, 215, 225, 226, 228, 241, 284, 329, 353, 354, 356, 372, 419, 462, 471, 479, 498], "summary": {"covered_lines": 33, "num_statements": 33, "percent_covered": 100.0, "percent_covered_display": "100", "missing_lines": 0, "excluded_lines": 0}, "missing_lines": [], "excluded_lines": []}}, "classes": {"ExploitGenerationError": {"executed_lines": [], "summary": {"covered_lines": 0, "num_statements": 0, "percent_covered": 100.0, "percent_covered_display": "100", "missing_lines": 0, "excluded_lines": 0}, "missing_lines": [], "excluded_lines": []}, "ExploitContext": {"executed_lines": [31, 32, 33], "summary": {"covered_lines": 3, "num_statements": 3, "percent_covered": 100.0, "percent_covered_display": "100", "missing_lines": 0, "excluded_lines": 0}, "missing_lines": [], "excluded_lines": []}, "SafetyFilter": {"executed_lines": [41, 60, 78, 81, 82, 83, 86, 87, 89, 100, 101, 102, 103], "summary": {"covered_lines": 13, "num_statements": 13, "percent_covered": 100.0, "percent_covered_display": "100", "missing_lines": 0, "excluded_lines": 0}, "missing_lines": [], "excluded_lines": []}, "TemplateEngine": {"executed_lines": [111, 112, 116, 209, 212, 213, 222], "summary": {"covered_lines": 7, "num_statements": 8, "percent_covered": 87.5, "percent_covered_display": "88", "missing_lines": 1, "excluded_lines": 0}, "missing_lines": [210], "excluded_lines": []}, "LLMExploitGenerator": {"executed_lines": [234, 235, 237, 238, 239, 250, 253, 255, 256, 274, 277, 279, 281, 282, 293, 295, 327, 339, 342, 343, 344, 347, 348, 350], "summary": {"covered_lines": 24, "num_statements": 25, "percent_covered": 96.0, "percent_covered_display": "96", "missing_lines": 1, "excluded_lines": 0}, "missing_lines": [251], "excluded_lines": []}, "ExploitGenerator": {"executed_lines": [362, 363, 364, 365, 368, 369, 370, 384, 387, 391, 392, 395, 396, 397, 398, 400, 402, 405, 406, 409, 410, 411, 412, 413, 414, 415, 417, 429, 432, 439, 441, 442, 443, 453, 454, 460, 469, 477, 488, 507, 514], "summary": {"covered_lines": 41, "num_statements": 45, "percent_covered": 91.11111111111111, "percent_covered_display": "91", "missing_lines": 4, "excluded_lines": 0}, "missing_lines": [388, 399, 456, 458], "excluded_lines": []}, "": {"executed_lines": [1, 3, 4, 5, 7, 8, 10, 11, 14, 15, 16, 19, 20, 22, 36, 37, 39, 69, 91, 106, 107, 109, 114, 199, 215, 225, 226, 228, 241, 284, 329, 353, 354, 356, 372, 419, 462, 471, 479, 498], "summary": {"covered_lines": 33, "num_statements": 33, "percent_covered": 100.0, "percent_covered_display": "100", "missing_lines": 0, "excluded_lines": 0}, "missing_lines": [], "excluded_lines": []}}}, "src/adversary_mcp_server/server.py": {"executed_lines": [1, 3, 4, 5, 6, 7, 8, 9, 11, 12, 13, 14, 22, 24, 25, 26, 27, 30, 31, 34, 35, 36, 39, 40, 41, 42, 43, 44, 45, 46, 49, 50, 51, 52, 53, 56, 57, 59, 61, 62, 65, 66, 67, 70, 72, 75, 76, 283, 284, 313, 315, 316, 317, 318, 319, 320, 323, 326, 329, 330, 333, 334, 335, 336, 339, 340, 341, 344, 345, 347, 348, 350, 352, 353, 354, 355, 356, 358, 359, 362, 365, 366, 369, 370, 371, 372, 373, 374, 375, 377, 378, 379, 382, 387, 388, 390, 391, 393, 395, 396, 397, 398, 399, 400, 402, 403, 406, 409, 410, 413, 414, 415, 416, 419, 424, 425, 427, 428, 430, 432, 433, 434, 435, 436, 439, 442, 450, 452, 464, 469, 470, 471, 472, 474, 475, 476, 477, 478, 482, 487, 489, 490, 491, 492, 494, 497, 498, 500, 504, 508, 510, 511, 512, 513, 514, 515, 517, 522, 524, 525, 526, 528, 529, 532, 533, 534, 535, 536, 537, 539, 545, 546, 548, 549, 550, 551, 552, 554, 555, 557, 558, 560, 562, 563, 565, 567, 568, 571, 572, 574, 577, 580, 584, 587, 589, 590, 591, 592, 593, 594, 596, 598, 599, 601, 603, 604, 606, 607, 608, 609, 610, 611, 613, 614, 615, 618, 619, 623, 626, 627, 628, 629, 631, 633, 634, 636, 638, 639, 641, 646, 648, 650, 651, 652, 655, 656, 657, 658, 660, 661, 662, 663, 664, 665, 666, 667, 670, 672, 673, 680, 681, 682, 683, 684, 686, 687, 688, 690, 691, 692, 693, 694, 696, 697, 699, 705, 707, 709, 711, 723, 725, 726, 729, 731, 732, 741], "summary": {"covered_lines": 271, "num_statements": 328, "percent_covered": 82.6219512195122, "percent_covered_display": "83", "missing_lines": 57, "excluded_lines": 0}, "missing_lines": [78, 288, 289, 290, 291, 292, 293, 294, 295, 296, 297, 298, 299, 300, 301, 302, 303, 304, 306, 308, 309, 310, 311, 383, 384, 420, 421, 480, 484, 485, 501, 502, 505, 519, 520, 540, 541, 542, 543, 575, 578, 581, 620, 621, 624, 700, 701, 702, 703, 712, 733, 734, 735, 736, 737, 738, 742], "excluded_lines": [], "functions": {"AdversaryMCPServer.__init__": {"executed_lines": [61, 62, 65, 66, 67, 70], "summary": {"covered_lines": 6, "num_statements": 6, "percent_covered": 100.0, "percent_covered_display": "100", "missing_lines": 0, "excluded_lines": 0}, "missing_lines": [], "excluded_lines": []}, "AdversaryMCPServer._setup_handlers": {"executed_lines": [75, 76, 283, 284], "summary": {"covered_lines": 4, "num_statements": 4, "percent_covered": 100.0, "percent_covered_display": "100", "missing_lines": 0, "excluded_lines": 0}, "missing_lines": [], "excluded_lines": []}, "AdversaryMCPServer._setup_handlers.list_tools": {"executed_lines": [], "summary": {"covered_lines": 0, "num_statements": 1, "percent_covered": 0.0, "percent_covered_display": "0", "missing_lines": 1, "excluded_lines": 0}, "missing_lines": [78], "excluded_lines": []}, "AdversaryMCPServer._setup_handlers.call_tool": {"executed_lines": [], "summary": {"covered_lines": 0, "num_statements": 22, "percent_covered": 0.0, "percent_covered_display": "0", "missing_lines": 22, "excluded_lines": 0}, "missing_lines": [288, 289, 290, 291, 292, 293, 294, 295, 296, 297, 298, 299, 300, 301, 302, 303, 304, 306, 308, 309, 310, 311], "excluded_lines": []}, "AdversaryMCPServer._handle_scan_code": {"executed_lines": [315, 316, 317, 318, 319, 320, 323, 326, 329, 330, 333, 334, 335, 336, 339, 340, 341, 344, 345, 347, 348], "summary": {"covered_lines": 21, "num_statements": 21, "percent_covered": 100.0, "percent_covered_display": "100", "missing_lines": 0, "excluded_lines": 0}, "missing_lines": [], "excluded_lines": []}, "AdversaryMCPServer._handle_scan_file": {"executed_lines": [352, 353, 354, 355, 356, 358, 359, 362, 365, 366, 369, 370, 371, 372, 373, 374, 375, 377, 378, 379, 382, 387, 388, 390, 391], "summary": {"covered_lines": 25, "num_statements": 27, "percent_covered": 92.5925925925926, "percent_covered_display": "93", "missing_lines": 2, "excluded_lines": 0}, "missing_lines": [383, 384], "excluded_lines": []}, "AdversaryMCPServer._handle_scan_directory": {"executed_lines": [395, 396, 397, 398, 399, 400, 402, 403, 406, 409, 410, 413, 414, 415, 416, 419, 424, 425, 427, 428], "summary": {"covered_lines": 20, "num_statements": 22, "percent_covered": 90.9090909090909, "percent_covered_display": "91", "missing_lines": 2, "excluded_lines": 0}, "missing_lines": [420, 421], "excluded_lines": []}, "AdversaryMCPServer._handle_generate_exploit": {"executed_lines": [432, 433, 434, 435, 436, 439, 442, 450, 452, 464, 469, 470, 471, 472, 474, 475, 476, 477, 478, 482], "summary": {"covered_lines": 20, "num_statements": 23, "percent_covered": 86.95652173913044, "percent_covered_display": "87", "missing_lines": 3, "excluded_lines": 0}, "missing_lines": [480, 484, 485], "excluded_lines": []}, "AdversaryMCPServer._handle_list_rules": {"executed_lines": [489, 490, 491, 492, 494, 497, 498, 500, 504, 508, 510, 511, 512, 513, 514, 515, 517], "summary": {"covered_lines": 17, "num_statements": 22, "percent_covered": 77.27272727272727, "percent_covered_display": "77", "missing_lines": 5, "excluded_lines": 0}, "missing_lines": [501, 502, 505, 519, 520], "excluded_lines": []}, "AdversaryMCPServer._handle_get_rule_details": {"executed_lines": [524, 525, 526, 528, 529, 532, 533, 534, 535, 536, 537, 539, 545, 546, 548, 549, 550, 551, 552, 554, 555, 557, 558, 560, 562, 563], "summary": {"covered_lines": 26, "num_statements": 30, "percent_covered": 86.66666666666667, "percent_covered_display": "87", "missing_lines": 4, "excluded_lines": 0}, "missing_lines": [540, 541, 542, 543], "excluded_lines": []}, "AdversaryMCPServer._handle_configure_settings": {"executed_lines": [567, 568, 571, 572, 574, 577, 580, 584, 587, 589, 590, 591, 592, 593, 594, 596, 598, 599], "summary": {"covered_lines": 18, "num_statements": 21, "percent_covered": 85.71428571428571, "percent_covered_display": "86", "missing_lines": 3, "excluded_lines": 0}, "missing_lines": [575, 578, 581], "excluded_lines": []}, "AdversaryMCPServer._handle_get_status": {"executed_lines": [603, 604, 606, 607, 608, 609, 610, 611, 613, 614, 615, 618, 619, 623, 626, 627, 628, 629, 631, 633, 634], "summary": {"covered_lines": 21, "num_statements": 24, "percent_covered": 87.5, "percent_covered_display": "88", "missing_lines": 3, "excluded_lines": 0}, "missing_lines": [620, 621, 624], "excluded_lines": []}, "AdversaryMCPServer._filter_threats_by_severity": {"executed_lines": [638, 639, 641], "summary": {"covered_lines": 3, "num_statements": 3, "percent_covered": 100.0, "percent_covered_display": "100", "missing_lines": 0, "excluded_lines": 0}, "missing_lines": [], "excluded_lines": []}, "AdversaryMCPServer._format_scan_results": {"executed_lines": [648, 650, 651, 652, 655, 656, 657, 658, 660, 661, 662, 663, 664, 665, 666, 667, 670, 672, 673, 680, 681, 682, 683, 684, 686, 687, 688, 690, 691, 692, 693, 694, 696, 697, 699, 705, 707], "summary": {"covered_lines": 37, "num_statements": 41, "percent_covered": 90.2439024390244, "percent_covered_display": "90", "missing_lines": 4, "excluded_lines": 0}, "missing_lines": [700, 701, 702, 703], "excluded_lines": []}, "AdversaryMCPServer.run": {"executed_lines": [711], "summary": {"covered_lines": 1, "num_statements": 2, "percent_covered": 50.0, "percent_covered_display": "50", "missing_lines": 1, "excluded_lines": 0}, "missing_lines": [712], "excluded_lines": []}, "async_main": {"executed_lines": [725, 726], "summary": {"covered_lines": 2, "num_statements": 2, "percent_covered": 100.0, "percent_covered_display": "100", "missing_lines": 0, "excluded_lines": 0}, "missing_lines": [], "excluded_lines": []}, "main": {"executed_lines": [731, 732], "summary": {"covered_lines": 2, "num_statements": 8, "percent_covered": 25.0, "percent_covered_display": "25", "missing_lines": 6, "excluded_lines": 0}, "missing_lines": [733, 734, 735, 736, 737, 738], "excluded_lines": []}, "": {"executed_lines": [1, 3, 4, 5, 6, 7, 8, 9, 11, 12, 13, 14, 22, 24, 25, 26, 27, 30, 31, 34, 35, 36, 39, 40, 41, 42, 43, 44, 45, 46, 49, 50, 51, 52, 53, 56, 57, 59, 72, 313, 350, 393, 430, 487, 522, 565, 601, 636, 646, 709, 723, 729, 741], "summary": {"covered_lines": 48, "num_statements": 49, "percent_covered": 97.95918367346938, "percent_covered_display": "98", "missing_lines": 1, "excluded_lines": 0}, "missing_lines": [742], "excluded_lines": []}}, "classes": {"AdversaryToolError": {"executed_lines": [], "summary": {"covered_lines": 0, "num_statements": 0, "percent_covered": 100.0, "percent_covered_display": "100", "missing_lines": 0, "excluded_lines": 0}, "missing_lines": [], "excluded_lines": []}, "ScanRequest": {"executed_lines": [], "summary": {"covered_lines": 0, "num_statements": 0, "percent_covered": 100.0, "percent_covered_display": "100", "missing_lines": 0, "excluded_lines": 0}, "missing_lines": [], "excluded_lines": []}, "ScanResult": {"executed_lines": [], "summary": {"covered_lines": 0, "num_statements": 0, "percent_covered": 100.0, "percent_covered_display": "100", "missing_lines": 0, "excluded_lines": 0}, "missing_lines": [], "excluded_lines": []}, "AdversaryMCPServer": {"executed_lines": [61, 62, 65, 66, 67, 70, 75, 76, 283, 284, 315, 316, 317, 318, 319, 320, 323, 326, 329, 330, 333, 334, 335, 336, 339, 340, 341, 344, 345, 347, 348, 352, 353, 354, 355, 356, 358, 359, 362, 365, 366, 369, 370, 371, 372, 373, 374, 375, 377, 378, 379, 382, 387, 388, 390, 391, 395, 396, 397, 398, 399, 400, 402, 403, 406, 409, 410, 413, 414, 415, 416, 419, 424, 425, 427, 428, 432, 433, 434, 435, 436, 439, 442, 450, 452, 464, 469, 470, 471, 472, 474, 475, 476, 477, 478, 482, 489, 490, 491, 492, 494, 497, 498, 500, 504, 508, 510, 511, 512, 513, 514, 515, 517, 524, 525, 526, 528, 529, 532, 533, 534, 535, 536, 537, 539, 545, 546, 548, 549, 550, 551, 552, 554, 555, 557, 558, 560, 562, 563, 567, 568, 571, 572, 574, 577, 580, 584, 587, 589, 590, 591, 592, 593, 594, 596, 598, 599, 603, 604, 606, 607, 608, 609, 610, 611, 613, 614, 615, 618, 619, 623, 626, 627, 628, 629, 631, 633, 634, 638, 639, 641, 648, 650, 651, 652, 655, 656, 657, 658, 660, 661, 662, 663, 664, 665, 666, 667, 670, 672, 673, 680, 681, 682, 683, 684, 686, 687, 688, 690, 691, 692, 693, 694, 696, 697, 699, 705, 707, 711], "summary": {"covered_lines": 219, "num_statements": 269, "percent_covered": 81.41263940520446, "percent_covered_display": "81", "missing_lines": 50, "excluded_lines": 0}, "missing_lines": [78, 288, 289, 290, 291, 292, 293, 294, 295, 296, 297, 298, 299, 300, 301, 302, 303, 304, 306, 308, 309, 310, 311, 383, 384, 420, 421, 480, 484, 485, 501, 502, 505, 519, 520, 540, 541, 542, 543, 575, 578, 581, 620, 621, 624, 700, 701, 702, 703, 712], "excluded_lines": []}, "": {"executed_lines": [1, 3, 4, 5, 6, 7, 8, 9, 11, 12, 13, 14, 22, 24, 25, 26, 27, 30, 31, 34, 35, 36, 39, 40, 41, 42, 43, 44, 45, 46, 49, 50, 51, 52, 53, 56, 57, 59, 72, 313, 350, 393, 430, 487, 522, 565, 601, 636, 646, 709, 723, 725, 726, 729, 731, 732, 741], "summary": {"covered_lines": 52, "num_statements": 59, "percent_covered": 88.13559322033899, "percent_covered_display": "88", "missing_lines": 7, "excluded_lines": 0}, "missing_lines": [733, 734, 735, 736, 737, 738, 742], "excluded_lines": []}}}, "src/adversary_mcp_server/threat_engine.py": {"executed_lines": [1, 3, 4, 5, 6, 7, 9, 10, 13, 14, 15, 16, 17, 18, 21, 22, 23, 24, 25, 26, 27, 28, 29, 30, 31, 32, 33, 34, 35, 36, 39, 40, 41, 42, 43, 46, 47, 48, 49, 50, 51, 53, 54, 55, 56, 57, 58, 59, 62, 63, 64, 65, 66, 67, 69, 70, 71, 72, 73, 74, 75, 78, 79, 80, 81, 82, 83, 84, 85, 88, 91, 94, 95, 98, 99, 100, 102, 103, 104, 105, 106, 107, 110, 111, 112, 113, 114, 115, 116, 117, 120, 121, 122, 125, 126, 129, 132, 133, 136, 137, 138, 141, 142, 144, 150, 151, 157, 160, 162, 177, 197, 203, 206, 207, 209, 211, 220, 222, 231, 233, 242, 244, 253, 254, 256, 261, 264, 349, 405, 406, 408, 417, 420, 422, 424, 426, 427, 430, 431, 437, 439, 452, 458], "summary": {"covered_lines": 134, "num_statements": 162, "percent_covered": 82.71604938271605, "percent_covered_display": "83", "missing_lines": 28, "excluded_lines": 0}, "missing_lines": [158, 168, 169, 171, 172, 174, 175, 183, 184, 185, 187, 188, 190, 191, 192, 194, 195, 208, 421, 423, 425, 432, 433, 434, 435, 445, 449, 450], "excluded_lines": [], "functions": {"MatchCondition.validate_type": {"executed_lines": [56, 57, 58, 59], "summary": {"covered_lines": 4, "num_statements": 4, "percent_covered": 100.0, "percent_covered_display": "100", "missing_lines": 0, "excluded_lines": 0}, "missing_lines": [], "excluded_lines": []}, "ExploitTemplate.validate_type": {"executed_lines": [72, 73, 74, 75], "summary": {"covered_lines": 4, "num_statements": 4, "percent_covered": 100.0, "percent_covered_display": "100", "missing_lines": 0, "excluded_lines": 0}, "missing_lines": [], "excluded_lines": []}, "ThreatRule.validate_id": {"executed_lines": [105, 106, 107], "summary": {"covered_lines": 3, "num_statements": 3, "percent_covered": 100.0, "percent_covered_display": "100", "missing_lines": 0, "excluded_lines": 0}, "missing_lines": [], "excluded_lines": []}, "ThreatEngine.__init__": {"executed_lines": [150, 151, 157, 160], "summary": {"covered_lines": 4, "num_statements": 5, "percent_covered": 80.0, "percent_covered_display": "80", "missing_lines": 1, "excluded_lines": 0}, "missing_lines": [158], "excluded_lines": []}, "ThreatEngine.load_rules_from_directory": {"executed_lines": [], "summary": {"covered_lines": 0, "num_statements": 6, "percent_covered": 0.0, "percent_covered_display": "0", "missing_lines": 6, "excluded_lines": 0}, "missing_lines": [168, 169, 171, 172, 174, 175], "excluded_lines": []}, "ThreatEngine.load_rules_from_file": {"executed_lines": [], "summary": {"covered_lines": 0, "num_statements": 10, "percent_covered": 0.0, "percent_covered_display": "0", "missing_lines": 10, "excluded_lines": 0}, "missing_lines": [183, 184, 185, 187, 188, 190, 191, 192, 194, 195], "excluded_lines": []}, "ThreatEngine.add_rule": {"executed_lines": [203, 206, 207, 209], "summary": {"covered_lines": 4, "num_statements": 5, "percent_covered": 80.0, "percent_covered_display": "80", "missing_lines": 1, "excluded_lines": 0}, "missing_lines": [208], "excluded_lines": []}, "ThreatEngine.get_rules_for_language": {"executed_lines": [220], "summary": {"covered_lines": 1, "num_statements": 1, "percent_covered": 100.0, "percent_covered_display": "100", "missing_lines": 0, "excluded_lines": 0}, "missing_lines": [], "excluded_lines": []}, "ThreatEngine.get_rule_by_id": {"executed_lines": [231], "summary": {"covered_lines": 1, "num_statements": 1, "percent_covered": 100.0, "percent_covered_display": "100", "missing_lines": 0, "excluded_lines": 0}, "missing_lines": [], "excluded_lines": []}, "ThreatEngine.get_rules_by_category": {"executed_lines": [242], "summary": {"covered_lines": 1, "num_statements": 1, "percent_covered": 100.0, "percent_covered_display": "100", "missing_lines": 0, "excluded_lines": 0}, "missing_lines": [], "excluded_lines": []}, "ThreatEngine.get_rules_by_severity": {"executed_lines": [253, 254, 256], "summary": {"covered_lines": 3, "num_statements": 3, "percent_covered": 100.0, "percent_covered_display": "100", "missing_lines": 0, "excluded_lines": 0}, "missing_lines": [], "excluded_lines": []}, "ThreatEngine._load_default_rules": {"executed_lines": [264, 349, 405, 406], "summary": {"covered_lines": 4, "num_statements": 4, "percent_covered": 100.0, "percent_covered_display": "100", "missing_lines": 0, "excluded_lines": 0}, "missing_lines": [], "excluded_lines": []}, "ThreatEngine.validate_rule": {"executed_lines": [417, 420, 422, 424, 426, 427, 430, 431, 437], "summary": {"covered_lines": 9, "num_statements": 16, "percent_covered": 56.25, "percent_covered_display": "56", "missing_lines": 7, "excluded_lines": 0}, "missing_lines": [421, 423, 425, 432, 433, 434, 435], "excluded_lines": []}, "ThreatEngine.export_rules_to_yaml": {"executed_lines": [], "summary": {"covered_lines": 0, "num_statements": 3, "percent_covered": 0.0, "percent_covered_display": "0", "missing_lines": 3, "excluded_lines": 0}, "missing_lines": [445, 449, 450], "excluded_lines": []}, "ThreatEngine.list_rules": {"executed_lines": [458], "summary": {"covered_lines": 1, "num_statements": 1, "percent_covered": 100.0, "percent_covered_display": "100", "missing_lines": 0, "excluded_lines": 0}, "missing_lines": [], "excluded_lines": []}, "": {"executed_lines": [1, 3, 4, 5, 6, 7, 9, 10, 13, 14, 15, 16, 17, 18, 21, 22, 23, 24, 25, 26, 27, 28, 29, 30, 31, 32, 33, 34, 35, 36, 39, 40, 41, 42, 43, 46, 47, 48, 49, 50, 51, 53, 54, 55, 62, 63, 64, 65, 66, 67, 69, 70, 71, 78, 79, 80, 81, 82, 83, 84, 85, 88, 91, 94, 95, 98, 99, 100, 102, 103, 104, 110, 111, 112, 113, 114, 115, 116, 117, 120, 121, 122, 125, 126, 129, 132, 133, 136, 137, 138, 141, 142, 144, 162, 177, 197, 211, 222, 233, 244, 261, 408, 439, 452], "summary": {"covered_lines": 95, "num_statements": 95, "percent_covered": 100.0, "percent_covered_display": "100", "missing_lines": 0, "excluded_lines": 0}, "missing_lines": [], "excluded_lines": []}}, "classes": {"Severity": {"executed_lines": [], "summary": {"covered_lines": 0, "num_statements": 0, "percent_covered": 100.0, "percent_covered_display": "100", "missing_lines": 0, "excluded_lines": 0}, "missing_lines": [], "excluded_lines": []}, "Category": {"executed_lines": [], "summary": {"covered_lines": 0, "num_statements": 0, "percent_covered": 100.0, "percent_covered_display": "100", "missing_lines": 0, "excluded_lines": 0}, "missing_lines": [], "excluded_lines": []}, "Language": {"executed_lines": [], "summary": {"covered_lines": 0, "num_statements": 0, "percent_covered": 100.0, "percent_covered_display": "100", "missing_lines": 0, "excluded_lines": 0}, "missing_lines": [], "excluded_lines": []}, "MatchCondition": {"executed_lines": [56, 57, 58, 59], "summary": {"covered_lines": 4, "num_statements": 4, "percent_covered": 100.0, "percent_covered_display": "100", "missing_lines": 0, "excluded_lines": 0}, "missing_lines": [], "excluded_lines": []}, "ExploitTemplate": {"executed_lines": [72, 73, 74, 75], "summary": {"covered_lines": 4, "num_statements": 4, "percent_covered": 100.0, "percent_covered_display": "100", "missing_lines": 0, "excluded_lines": 0}, "missing_lines": [], "excluded_lines": []}, "ThreatRule": {"executed_lines": [105, 106, 107], "summary": {"covered_lines": 3, "num_statements": 3, "percent_covered": 100.0, "percent_covered_display": "100", "missing_lines": 0, "excluded_lines": 0}, "missing_lines": [], "excluded_lines": []}, "ThreatMatch": {"executed_lines": [], "summary": {"covered_lines": 0, "num_statements": 0, "percent_covered": 100.0, "percent_covered_display": "100", "missing_lines": 0, "excluded_lines": 0}, "missing_lines": [], "excluded_lines": []}, "ThreatEngine": {"executed_lines": [150, 151, 157, 160, 203, 206, 207, 209, 220, 231, 242, 253, 254, 256, 264, 349, 405, 406, 417, 420, 422, 424, 426, 427, 430, 431, 437, 458], "summary": {"covered_lines": 28, "num_statements": 56, "percent_covered": 50.0, "percent_covered_display": "50", "missing_lines": 28, "excluded_lines": 0}, "missing_lines": [158, 168, 169, 171, 172, 174, 175, 183, 184, 185, 187, 188, 190, 191, 192, 194, 195, 208, 421, 423, 425, 432, 433, 434, 435, 445, 449, 450], "excluded_lines": []}, "": {"executed_lines": [1, 3, 4, 5, 6, 7, 9, 10, 13, 14, 15, 16, 17, 18, 21, 22, 23, 24, 25, 26, 27, 28, 29, 30, 31, 32, 33, 34, 35, 36, 39, 40, 41, 42, 43, 46, 47, 48, 49, 50, 51, 53, 54, 55, 62, 63, 64, 65, 66, 67, 69, 70, 71, 78, 79, 80, 81, 82, 83, 84, 85, 88, 91, 94, 95, 98, 99, 100, 102, 103, 104, 110, 111, 112, 113, 114, 115, 116, 117, 120, 121, 122, 125, 126, 129, 132, 133, 136, 137, 138, 141, 142, 144, 162, 177, 197, 211, 222, 233, 244, 261, 408, 439, 452], "summary": {"covered_lines": 95, "num_statements": 95, "percent_covered": 100.0, "percent_covered_display": "100", "missing_lines": 0, "excluded_lines": 0}, "missing_lines": [], "excluded_lines": []}}}}, "totals": {"covered_lines": 1168, "num_statements": 1322, "percent_covered": 88.35098335854765, "percent_covered_display": "88", "missing_lines": 154, "excluded_lines": 0}}