{"meta": {"format": 3, "version": "7.9.2", "timestamp": "2025-07-05T22:10:25.140384", "branch_coverage": false, "show_contexts": false}, "files": {"src/adversary_mcp_server/__init__.py": {"executed_lines": [1, 3, 4, 5, 6, 10, 11, 12, 13, 15], "summary": {"covered_lines": 9, "num_statements": 9, "percent_covered": 100.0, "percent_covered_display": "100", "missing_lines": 0, "excluded_lines": 0}, "missing_lines": [], "excluded_lines": [], "functions": {"": {"executed_lines": [1, 3, 4, 5, 6, 10, 11, 12, 13, 15], "summary": {"covered_lines": 9, "num_statements": 9, "percent_covered": 100.0, "percent_covered_display": "100", "missing_lines": 0, "excluded_lines": 0}, "missing_lines": [], "excluded_lines": []}}, "classes": {"": {"executed_lines": [1, 3, 4, 5, 6, 10, 11, 12, 13, 15], "summary": {"covered_lines": 9, "num_statements": 9, "percent_covered": 100.0, "percent_covered_display": "100", "missing_lines": 0, "excluded_lines": 0}, "missing_lines": [], "excluded_lines": []}}}, "src/adversary_mcp_server/ast_scanner.py": {"executed_lines": [1, 3, 4, 5, 6, 8, 9, 11, 14, 15, 24, 25, 27, 43, 66, 79, 100, 101, 103, 109, 135, 162, 175, 176, 178, 184, 210, 252, 279, 280, 282, 292, 321, 351, 391, 412, 428, 475], "summary": {"covered_lines": 33, "num_statements": 251, "percent_covered": 13.147410358565738, "percent_covered_display": "13", "missing_lines": 218, "excluded_lines": 0}, "missing_lines": [35, 36, 37, 38, 41, 49, 50, 51, 52, 54, 56, 57, 59, 60, 62, 64, 75, 76, 77, 89, 90, 92, 93, 94, 95, 97, 105, 106, 107, 118, 119, 122, 123, 124, 127, 129, 137, 139, 140, 141, 143, 145, 146, 148, 150, 151, 152, 154, 156, 159, 160, 164, 165, 166, 168, 169, 170, 171, 172, 180, 181, 182, 193, 194, 197, 198, 199, 202, 204, 212, 213, 216, 218, 220, 221, 222, 223, 224, 226, 228, 229, 230, 232, 234, 235, 236, 237, 238, 241, 242, 243, 245, 246, 248, 249, 250, 254, 255, 257, 259, 260, 261, 263, 264, 265, 266, 267, 272, 273, 274, 275, 276, 288, 289, 290, 304, 305, 308, 309, 310, 311, 313, 316, 317, 319, 335, 338, 341, 344, 345, 346, 347, 349, 363, 364, 366, 369, 378, 379, 380, 381, 382, 383, 384, 385, 387, 389, 400, 402, 403, 404, 405, 406, 407, 410, 421, 422, 423, 424, 426, 441, 443, 444, 446, 448, 449, 450, 453, 471, 473, 488, 490, 492, 493, 494, 495, 497, 498, 499, 500, 501, 502, 503, 505, 507, 509, 510, 511, 513, 516, 517, 519, 520, 521, 522, 524, 526, 527, 528, 530, 532, 533, 535, 536, 537, 538, 540, 542, 543, 544, 546, 548, 549, 551, 552, 553, 554, 556], "excluded_lines": [], "functions": {"CodeContext.__init__": {"executed_lines": [], "summary": {"covered_lines": 0, "num_statements": 5, "percent_covered": 0.0, "percent_covered_display": "0", "missing_lines": 5, "excluded_lines": 0}, "missing_lines": [35, 36, 37, 38, 41], "excluded_lines": []}, "CodeContext._parse_code": {"executed_lines": [], "summary": {"covered_lines": 0, "num_statements": 11, "percent_covered": 0.0, "percent_covered_display": "0", "missing_lines": 11, "excluded_lines": 0}, "missing_lines": [49, 50, 51, 52, 54, 56, 57, 59, 60, 62, 64], "excluded_lines": []}, "CodeContext.get_line_content": {"executed_lines": [], "summary": {"covered_lines": 0, "num_statements": 3, "percent_covered": 0.0, "percent_covered_display": "0", "missing_lines": 3, "excluded_lines": 0}, "missing_lines": [75, 76, 77], "excluded_lines": []}, "CodeContext.get_code_snippet": {"executed_lines": [], "summary": {"covered_lines": 0, "num_statements": 7, "percent_covered": 0.0, "percent_covered_display": "0", "missing_lines": 7, "excluded_lines": 0}, "missing_lines": [89, 90, 92, 93, 94, 95, 97], "excluded_lines": []}, "PythonAnalyzer.__init__": {"executed_lines": [], "summary": {"covered_lines": 0, "num_statements": 3, "percent_covered": 0.0, "percent_covered_display": "0", "missing_lines": 3, "excluded_lines": 0}, "missing_lines": [105, 106, 107], "excluded_lines": []}, "PythonAnalyzer.analyze": {"executed_lines": [], "summary": {"covered_lines": 0, "num_statements": 7, "percent_covered": 0.0, "percent_covered_display": "0", "missing_lines": 7, "excluded_lines": 0}, "missing_lines": [118, 119, 122, 123, 124, 127, 129], "excluded_lines": []}, "PythonAnalyzer._walk_ast": {"executed_lines": [], "summary": {"covered_lines": 0, "num_statements": 15, "percent_covered": 0.0, "percent_covered_display": "0", "missing_lines": 15, "excluded_lines": 0}, "missing_lines": [137, 139, 140, 141, 143, 145, 146, 148, 150, 151, 152, 154, 156, 159, 160], "excluded_lines": []}, "PythonAnalyzer._get_function_name": {"executed_lines": [], "summary": {"covered_lines": 0, "num_statements": 8, "percent_covered": 0.0, "percent_covered_display": "0", "missing_lines": 8, "excluded_lines": 0}, "missing_lines": [164, 165, 166, 168, 169, 170, 171, 172], "excluded_lines": []}, "JavaScriptAnalyzer.__init__": {"executed_lines": [], "summary": {"covered_lines": 0, "num_statements": 3, "percent_covered": 0.0, "percent_covered_display": "0", "missing_lines": 3, "excluded_lines": 0}, "missing_lines": [180, 181, 182], "excluded_lines": []}, "JavaScriptAnalyzer.analyze": {"executed_lines": [], "summary": {"covered_lines": 0, "num_statements": 7, "percent_covered": 0.0, "percent_covered_display": "0", "missing_lines": 7, "excluded_lines": 0}, "missing_lines": [193, 194, 197, 198, 199, 202, 204], "excluded_lines": []}, "JavaScriptAnalyzer._walk_ast": {"executed_lines": [], "summary": {"covered_lines": 0, "num_statements": 27, "percent_covered": 0.0, "percent_covered_display": "0", "missing_lines": 27, "excluded_lines": 0}, "missing_lines": [212, 213, 216, 218, 220, 221, 222, 223, 224, 226, 228, 229, 230, 232, 234, 235, 236, 237, 238, 241, 242, 243, 245, 246, 248, 249, 250], "excluded_lines": []}, "JavaScriptAnalyzer._get_function_name": {"executed_lines": [], "summary": {"covered_lines": 0, "num_statements": 16, "percent_covered": 0.0, "percent_covered_display": "0", "missing_lines": 16, "excluded_lines": 0}, "missing_lines": [254, 255, 257, 259, 260, 261, 263, 264, 265, 266, 267, 272, 273, 274, 275, 276], "excluded_lines": []}, "ASTScanner.__init__": {"executed_lines": [], "summary": {"covered_lines": 0, "num_statements": 3, "percent_covered": 0.0, "percent_covered_display": "0", "missing_lines": 3, "excluded_lines": 0}, "missing_lines": [288, 289, 290], "excluded_lines": []}, "ASTScanner.scan_file": {"executed_lines": [], "summary": {"covered_lines": 0, "num_statements": 10, "percent_covered": 0.0, "percent_covered_display": "0", "missing_lines": 10, "excluded_lines": 0}, "missing_lines": [304, 305, 308, 309, 310, 311, 313, 316, 317, 319], "excluded_lines": []}, "ASTScanner.scan_code": {"executed_lines": [], "summary": {"covered_lines": 0, "num_statements": 8, "percent_covered": 0.0, "percent_covered_display": "0", "missing_lines": 8, "excluded_lines": 0}, "missing_lines": [335, 338, 341, 344, 345, 346, 347, 349], "excluded_lines": []}, "ASTScanner.scan_directory": {"executed_lines": [], "summary": {"covered_lines": 0, "num_statements": 14, "percent_covered": 0.0, "percent_covered_display": "0", "missing_lines": 14, "excluded_lines": 0}, "missing_lines": [363, 364, 366, 369, 378, 379, 380, 381, 382, 383, 384, 385, 387, 389], "excluded_lines": []}, "ASTScanner._detect_language": {"executed_lines": [], "summary": {"covered_lines": 0, "num_statements": 8, "percent_covered": 0.0, "percent_covered_display": "0", "missing_lines": 8, "excluded_lines": 0}, "missing_lines": [400, 402, 403, 404, 405, 406, 407, 410], "excluded_lines": []}, "ASTScanner._analyze_code": {"executed_lines": [], "summary": {"covered_lines": 0, "num_statements": 5, "percent_covered": 0.0, "percent_covered_display": "0", "missing_lines": 5, "excluded_lines": 0}, "missing_lines": [421, 422, 423, 424, 426], "excluded_lines": []}, "ASTScanner._apply_rule": {"executed_lines": [], "summary": {"covered_lines": 0, "num_statements": 10, "percent_covered": 0.0, "percent_covered_display": "0", "missing_lines": 10, "excluded_lines": 0}, "missing_lines": [441, 443, 444, 446, 448, 449, 450, 453, 471, 473], "excluded_lines": []}, "ASTScanner._check_condition": {"executed_lines": [], "summary": {"covered_lines": 0, "num_statements": 48, "percent_covered": 0.0, "percent_covered_display": "0", "missing_lines": 48, "excluded_lines": 0}, "missing_lines": [488, 490, 492, 493, 494, 495, 497, 498, 499, 500, 501, 502, 503, 505, 507, 509, 510, 511, 513, 516, 517, 519, 520, 521, 522, 524, 526, 527, 528, 530, 532, 533, 535, 536, 537, 538, 540, 542, 543, 544, 546, 548, 549, 551, 552, 553, 554, 556], "excluded_lines": []}, "": {"executed_lines": [1, 3, 4, 5, 6, 8, 9, 11, 14, 15, 24, 25, 27, 43, 66, 79, 100, 101, 103, 109, 135, 162, 175, 176, 178, 184, 210, 252, 279, 280, 282, 292, 321, 351, 391, 412, 428, 475], "summary": {"covered_lines": 33, "num_statements": 33, "percent_covered": 100.0, "percent_covered_display": "100", "missing_lines": 0, "excluded_lines": 0}, "missing_lines": [], "excluded_lines": []}}, "classes": {"CodeContext": {"executed_lines": [], "summary": {"covered_lines": 0, "num_statements": 26, "percent_covered": 0.0, "percent_covered_display": "0", "missing_lines": 26, "excluded_lines": 0}, "missing_lines": [35, 36, 37, 38, 41, 49, 50, 51, 52, 54, 56, 57, 59, 60, 62, 64, 75, 76, 77, 89, 90, 92, 93, 94, 95, 97], "excluded_lines": []}, "PythonAnalyzer": {"executed_lines": [], "summary": {"covered_lines": 0, "num_statements": 33, "percent_covered": 0.0, "percent_covered_display": "0", "missing_lines": 33, "excluded_lines": 0}, "missing_lines": [105, 106, 107, 118, 119, 122, 123, 124, 127, 129, 137, 139, 140, 141, 143, 145, 146, 148, 150, 151, 152, 154, 156, 159, 160, 164, 165, 166, 168, 169, 170, 171, 172], "excluded_lines": []}, "JavaScriptAnalyzer": {"executed_lines": [], "summary": {"covered_lines": 0, "num_statements": 53, "percent_covered": 0.0, "percent_covered_display": "0", "missing_lines": 53, "excluded_lines": 0}, "missing_lines": [180, 181, 182, 193, 194, 197, 198, 199, 202, 204, 212, 213, 216, 218, 220, 221, 222, 223, 224, 226, 228, 229, 230, 232, 234, 235, 236, 237, 238, 241, 242, 243, 245, 246, 248, 249, 250, 254, 255, 257, 259, 260, 261, 263, 264, 265, 266, 267, 272, 273, 274, 275, 276], "excluded_lines": []}, "ASTScanner": {"executed_lines": [], "summary": {"covered_lines": 0, "num_statements": 106, "percent_covered": 0.0, "percent_covered_display": "0", "missing_lines": 106, "excluded_lines": 0}, "missing_lines": [288, 289, 290, 304, 305, 308, 309, 310, 311, 313, 316, 317, 319, 335, 338, 341, 344, 345, 346, 347, 349, 363, 364, 366, 369, 378, 379, 380, 381, 382, 383, 384, 385, 387, 389, 400, 402, 403, 404, 405, 406, 407, 410, 421, 422, 423, 424, 426, 441, 443, 444, 446, 448, 449, 450, 453, 471, 473, 488, 490, 492, 493, 494, 495, 497, 498, 499, 500, 501, 502, 503, 505, 507, 509, 510, 511, 513, 516, 517, 519, 520, 521, 522, 524, 526, 527, 528, 530, 532, 533, 535, 536, 537, 538, 540, 542, 543, 544, 546, 548, 549, 551, 552, 553, 554, 556], "excluded_lines": []}, "": {"executed_lines": [1, 3, 4, 5, 6, 8, 9, 11, 14, 15, 24, 25, 27, 43, 66, 79, 100, 101, 103, 109, 135, 162, 175, 176, 178, 184, 210, 252, 279, 280, 282, 292, 321, 351, 391, 412, 428, 475], "summary": {"covered_lines": 33, "num_statements": 33, "percent_covered": 100.0, "percent_covered_display": "100", "missing_lines": 0, "excluded_lines": 0}, "missing_lines": [], "excluded_lines": []}}}, "src/adversary_mcp_server/cli.py": {"executed_lines": [], "summary": {"covered_lines": 0, "num_statements": 560, "percent_covered": 0.0, "percent_covered_display": "0", "missing_lines": 560, "excluded_lines": 0}, "missing_lines": [3, 4, 5, 6, 7, 8, 10, 11, 12, 13, 14, 15, 17, 18, 19, 20, 23, 24, 25, 26, 27, 28, 30, 33, 34, 35, 37, 40, 41, 48, 54, 59, 64, 71, 72, 75, 76, 77, 78, 81, 82, 84, 85, 86, 89, 91, 94, 95, 96, 98, 102, 103, 106, 111, 113, 114, 115, 118, 119, 121, 122, 123, 124, 127, 128, 129, 131, 138, 139, 140, 142, 146, 147, 150, 154, 155, 156, 158, 161, 162, 163, 164, 166, 167, 168, 169, 171, 172, 174, 176, 178, 179, 180, 183, 184, 185, 190, 196, 201, 206, 211, 216, 226, 227, 228, 231, 232, 233, 234, 235, 236, 238, 240, 242, 245, 246, 247, 248, 249, 250, 251, 253, 254, 257, 258, 260, 266, 268, 270, 271, 274, 275, 276, 277, 278, 279, 280, 282, 283, 284, 286, 288, 289, 291, 292, 293, 294, 295, 296, 298, 301, 302, 305, 306, 308, 314, 315, 317, 318, 319, 321, 323, 324, 327, 330, 331, 333, 334, 335, 338, 339, 343, 348, 353, 358, 365, 366, 367, 370, 371, 373, 374, 375, 376, 378, 379, 381, 382, 383, 386, 387, 388, 389, 390, 391, 393, 395, 402, 410, 413, 414, 415, 416, 417, 419, 420, 421, 424, 425, 426, 428, 429, 430, 432, 433, 434, 437, 438, 439, 440, 441, 442, 444, 445, 446, 447, 448, 449, 451, 456, 457, 458, 459, 460, 462, 463, 464, 465, 466, 467, 469, 475, 478, 479, 480, 481, 482, 483, 485, 490, 491, 496, 497, 498, 499, 501, 502, 503, 506, 507, 509, 512, 513, 514, 520, 522, 523, 524, 526, 528, 529, 530, 533, 534, 535, 537, 539, 540, 541, 544, 545, 546, 551, 556, 558, 559, 560, 562, 563, 565, 566, 569, 570, 571, 572, 573, 574, 576, 579, 580, 582, 585, 587, 589, 590, 591, 594, 595, 597, 598, 599, 601, 602, 603, 605, 607, 608, 609, 610, 612, 614, 615, 616, 619, 620, 622, 623, 624, 626, 627, 629, 630, 631, 634, 635, 637, 638, 639, 642, 643, 644, 647, 648, 649, 650, 652, 653, 655, 658, 659, 660, 661, 663, 664, 666, 669, 670, 671, 672, 674, 675, 677, 680, 681, 682, 683, 685, 686, 687, 690, 691, 693, 694, 697, 722, 736, 737, 739, 740, 743, 744, 747, 748, 751, 752, 755, 756, 758, 759, 762, 763, 765, 766, 767, 768, 769, 770, 771, 772, 775, 777, 778, 779, 782, 785, 786, 787, 788, 790, 791, 792, 793, 794, 795, 797, 800, 801, 802, 803, 804, 805, 807, 809, 816, 824, 827, 829, 830, 833, 834, 835, 854, 855, 857, 859, 860, 863, 864, 866, 869, 870, 877, 883, 885, 886, 887, 889, 891, 894, 895, 898, 900, 901, 904, 905, 906, 907, 909, 910, 913, 915, 916, 917, 918, 919, 922, 923, 930, 932, 933, 934, 936, 938, 939, 940, 943, 946, 947, 948, 949, 950, 952, 953, 954, 955, 957, 962, 963, 964, 965, 968, 969, 970, 971, 973, 974, 975, 976, 977, 978, 981, 982, 989, 991, 992, 993, 995, 997, 999, 1000, 1003, 1005, 1008, 1009, 1010, 1011, 1013, 1014, 1017, 1020, 1021, 1023, 1025, 1026, 1027, 1028, 1029, 1030, 1033, 1035, 1037, 1038, 1039, 1040, 1041, 1042, 1044, 1045, 1046, 1047, 1048, 1049, 1050, 1051, 1052, 1054, 1057, 1058, 1060, 1063, 1065, 1066, 1067, 1068, 1069, 1070, 1071, 1072, 1075, 1076], "excluded_lines": [], "functions": {"cli": {"executed_lines": [], "summary": {"covered_lines": 0, "num_statements": 1, "percent_covered": 0.0, "percent_covered_display": "0", "missing_lines": 1, "excluded_lines": 0}, "missing_lines": [37], "excluded_lines": []}, "configure": {"executed_lines": [], "summary": {"covered_lines": 0, "num_statements": 24, "percent_covered": 0.0, "percent_covered_display": "0", "missing_lines": 24, "excluded_lines": 0}, "missing_lines": [71, 72, 75, 76, 77, 78, 81, 82, 84, 85, 86, 89, 91, 94, 95, 96, 98, 102, 103, 106, 111, 113, 114, 115], "excluded_lines": []}, "status": {"executed_lines": [], "summary": {"covered_lines": 0, "num_statements": 32, "percent_covered": 0.0, "percent_covered_display": "0", "missing_lines": 32, "excluded_lines": 0}, "missing_lines": [932, 933, 934, 936, 938, 939, 940, 943, 946, 947, 948, 949, 950, 952, 953, 954, 955, 957, 962, 963, 964, 965, 968, 969, 970, 971, 973, 974, 975, 976, 977, 978], "excluded_lines": []}, "scan": {"executed_lines": [], "summary": {"covered_lines": 0, "num_statements": 67, "percent_covered": 0.0, "percent_covered_display": "0", "missing_lines": 67, "excluded_lines": 0}, "missing_lines": [226, 227, 228, 231, 232, 233, 234, 235, 236, 238, 240, 242, 245, 246, 247, 248, 249, 250, 251, 253, 254, 257, 258, 260, 266, 268, 270, 271, 274, 275, 276, 277, 278, 279, 280, 282, 283, 284, 286, 288, 289, 291, 292, 293, 294, 295, 296, 298, 301, 302, 305, 306, 308, 314, 315, 317, 318, 319, 321, 323, 324, 327, 330, 331, 333, 334, 335], "excluded_lines": []}, "list_rules": {"executed_lines": [], "summary": {"covered_lines": 0, "num_statements": 32, "percent_covered": 0.0, "percent_covered_display": "0", "missing_lines": 32, "excluded_lines": 0}, "missing_lines": [365, 366, 367, 370, 371, 373, 374, 375, 376, 378, 379, 381, 382, 383, 386, 387, 388, 389, 390, 391, 393, 395, 402, 410, 413, 414, 415, 416, 417, 419, 420, 421], "excluded_lines": []}, "rule_details": {"executed_lines": [], "summary": {"covered_lines": 0, "num_statements": 48, "percent_covered": 0.0, "percent_covered_display": "0", "missing_lines": 48, "excluded_lines": 0}, "missing_lines": [428, 429, 430, 432, 433, 434, 437, 438, 439, 440, 441, 442, 444, 445, 446, 447, 448, 449, 451, 456, 457, 458, 459, 460, 462, 463, 464, 465, 466, 467, 469, 475, 478, 479, 480, 481, 482, 483, 485, 490, 491, 496, 497, 498, 499, 501, 502, 503], "excluded_lines": []}, "rules": {"executed_lines": [], "summary": {"covered_lines": 0, "num_statements": 1, "percent_covered": 0.0, "percent_covered_display": "0", "missing_lines": 1, "excluded_lines": 0}, "missing_lines": [509], "excluded_lines": []}, "export": {"executed_lines": [], "summary": {"covered_lines": 0, "num_statements": 14, "percent_covered": 0.0, "percent_covered_display": "0", "missing_lines": 14, "excluded_lines": 0}, "missing_lines": [522, 523, 524, 526, 528, 529, 530, 533, 534, 535, 537, 539, 540, 541], "excluded_lines": []}, "import_rules": {"executed_lines": [], "summary": {"covered_lines": 0, "num_statements": 22, "percent_covered": 0.0, "percent_covered_display": "0", "missing_lines": 22, "excluded_lines": 0}, "missing_lines": [558, 559, 560, 562, 563, 565, 566, 569, 570, 571, 572, 573, 574, 576, 579, 580, 582, 585, 587, 589, 590, 591], "excluded_lines": []}, "validate": {"executed_lines": [], "summary": {"covered_lines": 0, "num_statements": 15, "percent_covered": 0.0, "percent_covered_display": "0", "missing_lines": 15, "excluded_lines": 0}, "missing_lines": [597, 598, 599, 601, 602, 603, 605, 607, 608, 609, 610, 612, 614, 615, 616], "excluded_lines": []}, "reload": {"executed_lines": [], "summary": {"covered_lines": 0, "num_statements": 8, "percent_covered": 0.0, "percent_covered_display": "0", "missing_lines": 8, "excluded_lines": 0}, "missing_lines": [622, 623, 624, 626, 627, 629, 630, 631], "excluded_lines": []}, "stats": {"executed_lines": [], "summary": {"covered_lines": 0, "num_statements": 34, "percent_covered": 0.0, "percent_covered_display": "0", "missing_lines": 34, "excluded_lines": 0}, "missing_lines": [637, 638, 639, 642, 643, 644, 647, 648, 649, 650, 652, 653, 655, 658, 659, 660, 661, 663, 664, 666, 669, 670, 671, 672, 674, 675, 677, 680, 681, 682, 683, 685, 686, 687], "excluded_lines": []}, "demo": {"executed_lines": [], "summary": {"covered_lines": 0, "num_statements": 18, "percent_covered": 0.0, "percent_covered_display": "0", "missing_lines": 18, "excluded_lines": 0}, "missing_lines": [693, 694, 697, 722, 736, 737, 739, 740, 743, 744, 747, 748, 751, 752, 755, 756, 758, 759], "excluded_lines": []}, "reset": {"executed_lines": [], "summary": {"covered_lines": 0, "num_statements": 8, "percent_covered": 0.0, "percent_covered_display": "0", "missing_lines": 8, "excluded_lines": 0}, "missing_lines": [765, 766, 767, 768, 769, 770, 771, 772], "excluded_lines": []}, "_display_scan_results": {"executed_lines": [], "summary": {"covered_lines": 0, "num_statements": 25, "percent_covered": 0.0, "percent_covered_display": "0", "missing_lines": 25, "excluded_lines": 0}, "missing_lines": [777, 778, 779, 782, 785, 786, 787, 788, 790, 791, 792, 793, 794, 795, 797, 800, 801, 802, 803, 804, 805, 807, 809, 816, 824], "excluded_lines": []}, "_save_results_to_file": {"executed_lines": [], "summary": {"covered_lines": 0, "num_statements": 10, "percent_covered": 0.0, "percent_covered_display": "0", "missing_lines": 10, "excluded_lines": 0}, "missing_lines": [829, 830, 833, 834, 835, 854, 855, 857, 859, 860], "excluded_lines": []}, "watch": {"executed_lines": [], "summary": {"covered_lines": 0, "num_statements": 1, "percent_covered": 0.0, "percent_covered_display": "0", "missing_lines": 1, "excluded_lines": 0}, "missing_lines": [866], "excluded_lines": []}, "start": {"executed_lines": [], "summary": {"covered_lines": 0, "num_statements": 22, "percent_covered": 0.0, "percent_covered_display": "0", "missing_lines": 22, "excluded_lines": 0}, "missing_lines": [885, 886, 887, 889, 891, 894, 895, 898, 900, 901, 904, 905, 906, 907, 909, 910, 913, 915, 916, 917, 918, 919], "excluded_lines": []}, "test": {"executed_lines": [], "summary": {"covered_lines": 0, "num_statements": 25, "percent_covered": 0.0, "percent_covered_display": "0", "missing_lines": 25, "excluded_lines": 0}, "missing_lines": [991, 992, 993, 995, 997, 999, 1000, 1003, 1005, 1008, 1009, 1010, 1011, 1013, 1014, 1017, 1020, 1021, 1023, 1025, 1026, 1027, 1028, 1029, 1030], "excluded_lines": []}, "show_user_rules_directory": {"executed_lines": [], "summary": {"covered_lines": 0, "num_statements": 17, "percent_covered": 0.0, "percent_covered_display": "0", "missing_lines": 17, "excluded_lines": 0}, "missing_lines": [1035, 1037, 1038, 1039, 1040, 1041, 1042, 1044, 1045, 1046, 1047, 1048, 1049, 1050, 1051, 1052, 1054], "excluded_lines": []}, "show_rules_dir": {"executed_lines": [], "summary": {"covered_lines": 0, "num_statements": 1, "percent_covered": 0.0, "percent_covered_display": "0", "missing_lines": 1, "excluded_lines": 0}, "missing_lines": [1060], "excluded_lines": []}, "main": {"executed_lines": [], "summary": {"covered_lines": 0, "num_statements": 8, "percent_covered": 0.0, "percent_covered_display": "0", "missing_lines": 8, "excluded_lines": 0}, "missing_lines": [1065, 1066, 1067, 1068, 1069, 1070, 1071, 1072], "excluded_lines": []}, "": {"executed_lines": [], "summary": {"covered_lines": 0, "num_statements": 93, "percent_covered": 0.0, "percent_covered_display": "0", "missing_lines": 93, "excluded_lines": 0}, "missing_lines": [3, 4, 5, 6, 7, 8, 10, 11, 12, 13, 14, 15, 17, 18, 19, 20, 23, 24, 25, 26, 27, 28, 30, 33, 34, 35, 40, 41, 48, 54, 59, 64, 118, 119, 183, 184, 185, 190, 196, 201, 206, 211, 216, 338, 339, 343, 348, 353, 358, 424, 425, 426, 506, 507, 512, 513, 514, 520, 544, 545, 546, 551, 556, 594, 595, 619, 620, 634, 635, 690, 691, 762, 763, 775, 827, 863, 864, 869, 870, 877, 883, 922, 923, 930, 981, 982, 989, 1033, 1057, 1058, 1063, 1075, 1076], "excluded_lines": []}}, "classes": {"": {"executed_lines": [], "summary": {"covered_lines": 0, "num_statements": 560, "percent_covered": 0.0, "percent_covered_display": "0", "missing_lines": 560, "excluded_lines": 0}, "missing_lines": [3, 4, 5, 6, 7, 8, 10, 11, 12, 13, 14, 15, 17, 18, 19, 20, 23, 24, 25, 26, 27, 28, 30, 33, 34, 35, 37, 40, 41, 48, 54, 59, 64, 71, 72, 75, 76, 77, 78, 81, 82, 84, 85, 86, 89, 91, 94, 95, 96, 98, 102, 103, 106, 111, 113, 114, 115, 118, 119, 121, 122, 123, 124, 127, 128, 129, 131, 138, 139, 140, 142, 146, 147, 150, 154, 155, 156, 158, 161, 162, 163, 164, 166, 167, 168, 169, 171, 172, 174, 176, 178, 179, 180, 183, 184, 185, 190, 196, 201, 206, 211, 216, 226, 227, 228, 231, 232, 233, 234, 235, 236, 238, 240, 242, 245, 246, 247, 248, 249, 250, 251, 253, 254, 257, 258, 260, 266, 268, 270, 271, 274, 275, 276, 277, 278, 279, 280, 282, 283, 284, 286, 288, 289, 291, 292, 293, 294, 295, 296, 298, 301, 302, 305, 306, 308, 314, 315, 317, 318, 319, 321, 323, 324, 327, 330, 331, 333, 334, 335, 338, 339, 343, 348, 353, 358, 365, 366, 367, 370, 371, 373, 374, 375, 376, 378, 379, 381, 382, 383, 386, 387, 388, 389, 390, 391, 393, 395, 402, 410, 413, 414, 415, 416, 417, 419, 420, 421, 424, 425, 426, 428, 429, 430, 432, 433, 434, 437, 438, 439, 440, 441, 442, 444, 445, 446, 447, 448, 449, 451, 456, 457, 458, 459, 460, 462, 463, 464, 465, 466, 467, 469, 475, 478, 479, 480, 481, 482, 483, 485, 490, 491, 496, 497, 498, 499, 501, 502, 503, 506, 507, 509, 512, 513, 514, 520, 522, 523, 524, 526, 528, 529, 530, 533, 534, 535, 537, 539, 540, 541, 544, 545, 546, 551, 556, 558, 559, 560, 562, 563, 565, 566, 569, 570, 571, 572, 573, 574, 576, 579, 580, 582, 585, 587, 589, 590, 591, 594, 595, 597, 598, 599, 601, 602, 603, 605, 607, 608, 609, 610, 612, 614, 615, 616, 619, 620, 622, 623, 624, 626, 627, 629, 630, 631, 634, 635, 637, 638, 639, 642, 643, 644, 647, 648, 649, 650, 652, 653, 655, 658, 659, 660, 661, 663, 664, 666, 669, 670, 671, 672, 674, 675, 677, 680, 681, 682, 683, 685, 686, 687, 690, 691, 693, 694, 697, 722, 736, 737, 739, 740, 743, 744, 747, 748, 751, 752, 755, 756, 758, 759, 762, 763, 765, 766, 767, 768, 769, 770, 771, 772, 775, 777, 778, 779, 782, 785, 786, 787, 788, 790, 791, 792, 793, 794, 795, 797, 800, 801, 802, 803, 804, 805, 807, 809, 816, 824, 827, 829, 830, 833, 834, 835, 854, 855, 857, 859, 860, 863, 864, 866, 869, 870, 877, 883, 885, 886, 887, 889, 891, 894, 895, 898, 900, 901, 904, 905, 906, 907, 909, 910, 913, 915, 916, 917, 918, 919, 922, 923, 930, 932, 933, 934, 936, 938, 939, 940, 943, 946, 947, 948, 949, 950, 952, 953, 954, 955, 957, 962, 963, 964, 965, 968, 969, 970, 971, 973, 974, 975, 976, 977, 978, 981, 982, 989, 991, 992, 993, 995, 997, 999, 1000, 1003, 1005, 1008, 1009, 1010, 1011, 1013, 1014, 1017, 1020, 1021, 1023, 1025, 1026, 1027, 1028, 1029, 1030, 1033, 1035, 1037, 1038, 1039, 1040, 1041, 1042, 1044, 1045, 1046, 1047, 1048, 1049, 1050, 1051, 1052, 1054, 1057, 1058, 1060, 1063, 1065, 1066, 1067, 1068, 1069, 1070, 1071, 1072, 1075, 1076], "excluded_lines": []}}}, "src/adversary_mcp_server/credential_manager.py": {"executed_lines": [1, 3, 4, 5, 6, 7, 8, 9, 10, 11, 13, 14, 15, 16, 17, 20, 21, 22, 25, 26, 27, 30, 31, 32, 35, 36, 39, 40, 41, 44, 45, 48, 49, 50, 53, 54, 56, 59, 60, 62, 65, 66, 68, 71, 72, 74, 77, 78, 80, 96, 107, 117, 138, 164, 191, 207, 222, 234, 257, 289, 302, 318, 340, 348, 361, 373], "summary": {"covered_lines": 59, "num_statements": 170, "percent_covered": 34.705882352941174, "percent_covered_display": "35", "missing_lines": 111, "excluded_lines": 0}, "missing_lines": [86, 87, 89, 90, 91, 94, 98, 101, 102, 103, 105, 109, 115, 127, 128, 129, 131, 133, 152, 153, 154, 155, 157, 158, 160, 161, 162, 167, 170, 171, 172, 173, 174, 175, 178, 179, 180, 181, 182, 183, 186, 187, 189, 200, 201, 202, 203, 204, 205, 213, 214, 215, 216, 217, 218, 219, 220, 228, 229, 230, 231, 232, 243, 244, 245, 246, 248, 249, 252, 254, 255, 263, 264, 266, 267, 268, 270, 271, 277, 278, 280, 287, 295, 296, 297, 298, 299, 300, 312, 313, 316, 328, 329, 330, 333, 334, 335, 338, 343, 346, 355, 356, 359, 367, 368, 369, 370, 371, 379, 380, 381], "excluded_lines": [], "functions": {"CredentialManager.__init__": {"executed_lines": [], "summary": {"covered_lines": 0, "num_statements": 6, "percent_covered": 0.0, "percent_covered_display": "0", "missing_lines": 6, "excluded_lines": 0}, "missing_lines": [86, 87, 89, 90, 91, 94], "excluded_lines": []}, "CredentialManager._ensure_config_dir": {"executed_lines": [], "summary": {"covered_lines": 0, "num_statements": 5, "percent_covered": 0.0, "percent_covered_display": "0", "missing_lines": 5, "excluded_lines": 0}, "missing_lines": [98, 101, 102, 103, 105], "excluded_lines": []}, "CredentialManager._derive_key": {"executed_lines": [], "summary": {"covered_lines": 0, "num_statements": 2, "percent_covered": 0.0, "percent_covered_display": "0", "missing_lines": 2, "excluded_lines": 0}, "missing_lines": [109, 115], "excluded_lines": []}, "CredentialManager._encrypt_data": {"executed_lines": [], "summary": {"covered_lines": 0, "num_statements": 5, "percent_covered": 0.0, "percent_covered_display": "0", "missing_lines": 5, "excluded_lines": 0}, "missing_lines": [127, 128, 129, 131, 133], "excluded_lines": []}, "CredentialManager._decrypt_data": {"executed_lines": [], "summary": {"covered_lines": 0, "num_statements": 9, "percent_covered": 0.0, "percent_covered_display": "0", "missing_lines": 9, "excluded_lines": 0}, "missing_lines": [152, 153, 154, 155, 157, 158, 160, 161, 162], "excluded_lines": []}, "CredentialManager._get_machine_id": {"executed_lines": [], "summary": {"covered_lines": 0, "num_statements": 16, "percent_covered": 0.0, "percent_covered_display": "0", "missing_lines": 16, "excluded_lines": 0}, "missing_lines": [167, 170, 171, 172, 173, 174, 175, 178, 179, 180, 181, 182, 183, 186, 187, 189], "excluded_lines": []}, "CredentialManager._try_keyring_storage": {"executed_lines": [], "summary": {"covered_lines": 0, "num_statements": 6, "percent_covered": 0.0, "percent_covered_display": "0", "missing_lines": 6, "excluded_lines": 0}, "missing_lines": [200, 201, 202, 203, 204, 205], "excluded_lines": []}, "CredentialManager._try_keyring_retrieval": {"executed_lines": [], "summary": {"covered_lines": 0, "num_statements": 8, "percent_covered": 0.0, "percent_covered_display": "0", "missing_lines": 8, "excluded_lines": 0}, "missing_lines": [213, 214, 215, 216, 217, 218, 219, 220], "excluded_lines": []}, "CredentialManager._try_keyring_deletion": {"executed_lines": [], "summary": {"covered_lines": 0, "num_statements": 5, "percent_covered": 0.0, "percent_covered_display": "0", "missing_lines": 5, "excluded_lines": 0}, "missing_lines": [228, 229, 230, 231, 232], "excluded_lines": []}, "CredentialManager._store_file_config": {"executed_lines": [], "summary": {"covered_lines": 0, "num_statements": 9, "percent_covered": 0.0, "percent_covered_display": "0", "missing_lines": 9, "excluded_lines": 0}, "missing_lines": [243, 244, 245, 246, 248, 249, 252, 254, 255], "excluded_lines": []}, "CredentialManager._load_file_config": {"executed_lines": [], "summary": {"covered_lines": 0, "num_statements": 11, "percent_covered": 0.0, "percent_covered_display": "0", "missing_lines": 11, "excluded_lines": 0}, "missing_lines": [263, 264, 266, 267, 268, 270, 271, 277, 278, 280, 287], "excluded_lines": []}, "CredentialManager._delete_file_config": {"executed_lines": [], "summary": {"covered_lines": 0, "num_statements": 6, "percent_covered": 0.0, "percent_covered_display": "0", "missing_lines": 6, "excluded_lines": 0}, "missing_lines": [295, 296, 297, 298, 299, 300], "excluded_lines": []}, "CredentialManager.store_config": {"executed_lines": [], "summary": {"covered_lines": 0, "num_statements": 3, "percent_covered": 0.0, "percent_covered_display": "0", "missing_lines": 3, "excluded_lines": 0}, "missing_lines": [312, 313, 316], "excluded_lines": []}, "CredentialManager.load_config": {"executed_lines": [], "summary": {"covered_lines": 0, "num_statements": 7, "percent_covered": 0.0, "percent_covered_display": "0", "missing_lines": 7, "excluded_lines": 0}, "missing_lines": [328, 329, 330, 333, 334, 335, 338], "excluded_lines": []}, "CredentialManager.delete_config": {"executed_lines": [], "summary": {"covered_lines": 0, "num_statements": 2, "percent_covered": 0.0, "percent_covered_display": "0", "missing_lines": 2, "excluded_lines": 0}, "missing_lines": [343, 346], "excluded_lines": []}, "CredentialManager.has_config": {"executed_lines": [], "summary": {"covered_lines": 0, "num_statements": 3, "percent_covered": 0.0, "percent_covered_display": "0", "missing_lines": 3, "excluded_lines": 0}, "missing_lines": [355, 356, 359], "excluded_lines": []}, "CredentialManager.get_openai_api_key": {"executed_lines": [], "summary": {"covered_lines": 0, "num_statements": 5, "percent_covered": 0.0, "percent_covered_display": "0", "missing_lines": 5, "excluded_lines": 0}, "missing_lines": [367, 368, 369, 370, 371], "excluded_lines": []}, "CredentialManager.update_openai_api_key": {"executed_lines": [], "summary": {"covered_lines": 0, "num_statements": 3, "percent_covered": 0.0, "percent_covered_display": "0", "missing_lines": 3, "excluded_lines": 0}, "missing_lines": [379, 380, 381], "excluded_lines": []}, "": {"executed_lines": [1, 3, 4, 5, 6, 7, 8, 9, 10, 11, 13, 14, 15, 16, 17, 20, 21, 22, 25, 26, 27, 30, 31, 32, 35, 36, 39, 40, 41, 44, 45, 48, 49, 50, 53, 54, 56, 59, 60, 62, 65, 66, 68, 71, 72, 74, 77, 78, 80, 96, 107, 117, 138, 164, 191, 207, 222, 234, 257, 289, 302, 318, 340, 348, 361, 373], "summary": {"covered_lines": 59, "num_statements": 59, "percent_covered": 100.0, "percent_covered_display": "100", "missing_lines": 0, "excluded_lines": 0}, "missing_lines": [], "excluded_lines": []}}, "classes": {"SecurityConfig": {"executed_lines": [], "summary": {"covered_lines": 0, "num_statements": 0, "percent_covered": 100.0, "percent_covered_display": "100", "missing_lines": 0, "excluded_lines": 0}, "missing_lines": [], "excluded_lines": []}, "CredentialError": {"executed_lines": [], "summary": {"covered_lines": 0, "num_statements": 0, "percent_covered": 100.0, "percent_covered_display": "100", "missing_lines": 0, "excluded_lines": 0}, "missing_lines": [], "excluded_lines": []}, "CredentialNotFoundError": {"executed_lines": [], "summary": {"covered_lines": 0, "num_statements": 0, "percent_covered": 100.0, "percent_covered_display": "100", "missing_lines": 0, "excluded_lines": 0}, "missing_lines": [], "excluded_lines": []}, "CredentialStorageError": {"executed_lines": [], "summary": {"covered_lines": 0, "num_statements": 0, "percent_covered": 100.0, "percent_covered_display": "100", "missing_lines": 0, "excluded_lines": 0}, "missing_lines": [], "excluded_lines": []}, "CredentialDecryptionError": {"executed_lines": [], "summary": {"covered_lines": 0, "num_statements": 0, "percent_covered": 100.0, "percent_covered_display": "100", "missing_lines": 0, "excluded_lines": 0}, "missing_lines": [], "excluded_lines": []}, "CredentialManager": {"executed_lines": [], "summary": {"covered_lines": 0, "num_statements": 111, "percent_covered": 0.0, "percent_covered_display": "0", "missing_lines": 111, "excluded_lines": 0}, "missing_lines": [86, 87, 89, 90, 91, 94, 98, 101, 102, 103, 105, 109, 115, 127, 128, 129, 131, 133, 152, 153, 154, 155, 157, 158, 160, 161, 162, 167, 170, 171, 172, 173, 174, 175, 178, 179, 180, 181, 182, 183, 186, 187, 189, 200, 201, 202, 203, 204, 205, 213, 214, 215, 216, 217, 218, 219, 220, 228, 229, 230, 231, 232, 243, 244, 245, 246, 248, 249, 252, 254, 255, 263, 264, 266, 267, 268, 270, 271, 277, 278, 280, 287, 295, 296, 297, 298, 299, 300, 312, 313, 316, 328, 329, 330, 333, 334, 335, 338, 343, 346, 355, 356, 359, 367, 368, 369, 370, 371, 379, 380, 381], "excluded_lines": []}, "": {"executed_lines": [1, 3, 4, 5, 6, 7, 8, 9, 10, 11, 13, 14, 15, 16, 17, 20, 21, 22, 25, 26, 27, 30, 31, 32, 35, 36, 39, 40, 41, 44, 45, 48, 49, 50, 53, 54, 56, 59, 60, 62, 65, 66, 68, 71, 72, 74, 77, 78, 80, 96, 107, 117, 138, 164, 191, 207, 222, 234, 257, 289, 302, 318, 340, 348, 361, 373], "summary": {"covered_lines": 59, "num_statements": 59, "percent_covered": 100.0, "percent_covered_display": "100", "missing_lines": 0, "excluded_lines": 0}, "missing_lines": [], "excluded_lines": []}}}, "src/adversary_mcp_server/exploit_generator.py": {"executed_lines": [1, 3, 4, 5, 7, 8, 10, 11, 14, 15, 17, 20, 21, 23, 41, 42, 44, 74, 101, 116, 117, 119, 124, 205, 223, 233, 234, 236, 249, 289, 334, 358, 359, 361, 377, 427, 474, 483, 491, 510], "summary": {"covered_lines": 33, "num_statements": 127, "percent_covered": 25.984251968503937, "percent_covered_display": "26", "missing_lines": 94, "excluded_lines": 0}, "missing_lines": [36, 37, 38, 46, 65, 83, 86, 87, 88, 96, 97, 99, 110, 111, 112, 113, 121, 122, 126, 217, 218, 220, 221, 230, 242, 243, 245, 246, 247, 258, 259, 261, 263, 264, 279, 282, 284, 286, 287, 298, 300, 332, 344, 347, 348, 349, 352, 353, 355, 367, 368, 369, 370, 373, 374, 375, 390, 393, 394, 397, 398, 401, 402, 403, 404, 405, 406, 408, 411, 412, 417, 418, 419, 420, 421, 422, 423, 425, 439, 442, 449, 451, 452, 453, 463, 466, 468, 470, 472, 481, 489, 500, 519, 526], "excluded_lines": [], "functions": {"ExploitContext.__init__": {"executed_lines": [], "summary": {"covered_lines": 0, "num_statements": 3, "percent_covered": 0.0, "percent_covered_display": "0", "missing_lines": 3, "excluded_lines": 0}, "missing_lines": [36, 37, 38], "excluded_lines": []}, "SafetyFilter.__init__": {"executed_lines": [], "summary": {"covered_lines": 0, "num_statements": 2, "percent_covered": 0.0, "percent_covered_display": "0", "missing_lines": 2, "excluded_lines": 0}, "missing_lines": [46, 65], "excluded_lines": []}, "SafetyFilter.filter_exploit": {"executed_lines": [], "summary": {"covered_lines": 0, "num_statements": 7, "percent_covered": 0.0, "percent_covered_display": "0", "missing_lines": 7, "excluded_lines": 0}, "missing_lines": [83, 86, 87, 88, 96, 97, 99], "excluded_lines": []}, "SafetyFilter.is_safe_exploit": {"executed_lines": [], "summary": {"covered_lines": 0, "num_statements": 4, "percent_covered": 0.0, "percent_covered_display": "0", "missing_lines": 4, "excluded_lines": 0}, "missing_lines": [110, 111, 112, 113], "excluded_lines": []}, "TemplateEngine.__init__": {"executed_lines": [], "summary": {"covered_lines": 0, "num_statements": 2, "percent_covered": 0.0, "percent_covered_display": "0", "missing_lines": 2, "excluded_lines": 0}, "missing_lines": [121, 122], "excluded_lines": []}, "TemplateEngine._load_default_templates": {"executed_lines": [], "summary": {"covered_lines": 0, "num_statements": 1, "percent_covered": 0.0, "percent_covered_display": "0", "missing_lines": 1, "excluded_lines": 0}, "missing_lines": [126], "excluded_lines": []}, "TemplateEngine.generate_from_template": {"executed_lines": [], "summary": {"covered_lines": 0, "num_statements": 4, "percent_covered": 0.0, "percent_covered_display": "0", "missing_lines": 4, "excluded_lines": 0}, "missing_lines": [217, 218, 220, 221], "excluded_lines": []}, "TemplateEngine.add_template": {"executed_lines": [], "summary": {"covered_lines": 0, "num_statements": 1, "percent_covered": 0.0, "percent_covered_display": "0", "missing_lines": 1, "excluded_lines": 0}, "missing_lines": [230], "excluded_lines": []}, "LLMExploitGenerator.__init__": {"executed_lines": [], "summary": {"covered_lines": 0, "num_statements": 5, "percent_covered": 0.0, "percent_covered_display": "0", "missing_lines": 5, "excluded_lines": 0}, "missing_lines": [242, 243, 245, 246, 247], "excluded_lines": []}, "LLMExploitGenerator.generate_exploit": {"executed_lines": [], "summary": {"covered_lines": 0, "num_statements": 10, "percent_covered": 0.0, "percent_covered_display": "0", "missing_lines": 10, "excluded_lines": 0}, "missing_lines": [258, 259, 261, 263, 264, 279, 282, 284, 286, 287], "excluded_lines": []}, "LLMExploitGenerator._create_prompt": {"executed_lines": [], "summary": {"covered_lines": 0, "num_statements": 3, "percent_covered": 0.0, "percent_covered_display": "0", "missing_lines": 3, "excluded_lines": 0}, "missing_lines": [298, 300, 332], "excluded_lines": []}, "LLMExploitGenerator._parse_exploits": {"executed_lines": [], "summary": {"covered_lines": 0, "num_statements": 7, "percent_covered": 0.0, "percent_covered_display": "0", "missing_lines": 7, "excluded_lines": 0}, "missing_lines": [344, 347, 348, 349, 352, 353, 355], "excluded_lines": []}, "ExploitGenerator.__init__": {"executed_lines": [], "summary": {"covered_lines": 0, "num_statements": 7, "percent_covered": 0.0, "percent_covered_display": "0", "missing_lines": 7, "excluded_lines": 0}, "missing_lines": [367, 368, 369, 370, 373, 374, 375], "excluded_lines": []}, "ExploitGenerator.generate_exploits": {"executed_lines": [], "summary": {"covered_lines": 0, "num_statements": 22, "percent_covered": 0.0, "percent_covered_display": "0", "missing_lines": 22, "excluded_lines": 0}, "missing_lines": [390, 393, 394, 397, 398, 401, 402, 403, 404, 405, 406, 408, 411, 412, 417, 418, 419, 420, 421, 422, 423, 425], "excluded_lines": []}, "ExploitGenerator._generate_from_templates": {"executed_lines": [], "summary": {"covered_lines": 0, "num_statements": 11, "percent_covered": 0.0, "percent_covered_display": "0", "missing_lines": 11, "excluded_lines": 0}, "missing_lines": [439, 442, 449, 451, 452, 453, 463, 466, 468, 470, 472], "excluded_lines": []}, "ExploitGenerator.add_custom_template": {"executed_lines": [], "summary": {"covered_lines": 0, "num_statements": 1, "percent_covered": 0.0, "percent_covered_display": "0", "missing_lines": 1, "excluded_lines": 0}, "missing_lines": [481], "excluded_lines": []}, "ExploitGenerator.is_llm_available": {"executed_lines": [], "summary": {"covered_lines": 0, "num_statements": 1, "percent_covered": 0.0, "percent_covered_display": "0", "missing_lines": 1, "excluded_lines": 0}, "missing_lines": [489], "excluded_lines": []}, "ExploitGenerator.get_exploit_metadata": {"executed_lines": [], "summary": {"covered_lines": 0, "num_statements": 1, "percent_covered": 0.0, "percent_covered_display": "0", "missing_lines": 1, "excluded_lines": 0}, "missing_lines": [500], "excluded_lines": []}, "ExploitGenerator._get_available_templates": {"executed_lines": [], "summary": {"covered_lines": 0, "num_statements": 2, "percent_covered": 0.0, "percent_covered_display": "0", "missing_lines": 2, "excluded_lines": 0}, "missing_lines": [519, 526], "excluded_lines": []}, "": {"executed_lines": [1, 3, 4, 5, 7, 8, 10, 11, 14, 15, 17, 20, 21, 23, 41, 42, 44, 74, 101, 116, 117, 119, 124, 205, 223, 233, 234, 236, 249, 289, 334, 358, 359, 361, 377, 427, 474, 483, 491, 510], "summary": {"covered_lines": 33, "num_statements": 33, "percent_covered": 100.0, "percent_covered_display": "100", "missing_lines": 0, "excluded_lines": 0}, "missing_lines": [], "excluded_lines": []}}, "classes": {"ExploitGenerationError": {"executed_lines": [], "summary": {"covered_lines": 0, "num_statements": 0, "percent_covered": 100.0, "percent_covered_display": "100", "missing_lines": 0, "excluded_lines": 0}, "missing_lines": [], "excluded_lines": []}, "ExploitContext": {"executed_lines": [], "summary": {"covered_lines": 0, "num_statements": 3, "percent_covered": 0.0, "percent_covered_display": "0", "missing_lines": 3, "excluded_lines": 0}, "missing_lines": [36, 37, 38], "excluded_lines": []}, "SafetyFilter": {"executed_lines": [], "summary": {"covered_lines": 0, "num_statements": 13, "percent_covered": 0.0, "percent_covered_display": "0", "missing_lines": 13, "excluded_lines": 0}, "missing_lines": [46, 65, 83, 86, 87, 88, 96, 97, 99, 110, 111, 112, 113], "excluded_lines": []}, "TemplateEngine": {"executed_lines": [], "summary": {"covered_lines": 0, "num_statements": 8, "percent_covered": 0.0, "percent_covered_display": "0", "missing_lines": 8, "excluded_lines": 0}, "missing_lines": [121, 122, 126, 217, 218, 220, 221, 230], "excluded_lines": []}, "LLMExploitGenerator": {"executed_lines": [], "summary": {"covered_lines": 0, "num_statements": 25, "percent_covered": 0.0, "percent_covered_display": "0", "missing_lines": 25, "excluded_lines": 0}, "missing_lines": [242, 243, 245, 246, 247, 258, 259, 261, 263, 264, 279, 282, 284, 286, 287, 298, 300, 332, 344, 347, 348, 349, 352, 353, 355], "excluded_lines": []}, "ExploitGenerator": {"executed_lines": [], "summary": {"covered_lines": 0, "num_statements": 45, "percent_covered": 0.0, "percent_covered_display": "0", "missing_lines": 45, "excluded_lines": 0}, "missing_lines": [367, 368, 369, 370, 373, 374, 375, 390, 393, 394, 397, 398, 401, 402, 403, 404, 405, 406, 408, 411, 412, 417, 418, 419, 420, 421, 422, 423, 425, 439, 442, 449, 451, 452, 453, 463, 466, 468, 470, 472, 481, 489, 500, 519, 526], "excluded_lines": []}, "": {"executed_lines": [1, 3, 4, 5, 7, 8, 10, 11, 14, 15, 17, 20, 21, 23, 41, 42, 44, 74, 101, 116, 117, 119, 124, 205, 223, 233, 234, 236, 249, 289, 334, 358, 359, 361, 377, 427, 474, 483, 491, 510], "summary": {"covered_lines": 33, "num_statements": 33, "percent_covered": 100.0, "percent_covered_display": "100", "missing_lines": 0, "excluded_lines": 0}, "missing_lines": [], "excluded_lines": []}}}, "src/adversary_mcp_server/hot_reload.py": {"executed_lines": [], "summary": {"covered_lines": 0, "num_statements": 134, "percent_covered": 0.0, "percent_covered_display": "0", "missing_lines": 134, "excluded_lines": 0}, "missing_lines": [3, 4, 5, 6, 7, 9, 12, 15, 16, 17, 19, 21, 22, 24, 25, 26, 28, 30, 31, 33, 34, 35, 37, 39, 40, 42, 43, 44, 47, 50, 57, 58, 59, 60, 61, 64, 65, 66, 69, 70, 73, 74, 75, 76, 77, 79, 85, 86, 89, 90, 96, 102, 103, 106, 107, 108, 110, 112, 113, 116, 117, 118, 124, 125, 126, 128, 130, 131, 133, 134, 135, 136, 138, 144, 145, 148, 150, 152, 155, 156, 157, 159, 161, 162, 163, 165, 168, 171, 174, 175, 177, 178, 180, 181, 183, 185, 186, 187, 188, 189, 191, 192, 194, 195, 197, 203, 213, 219, 220, 222, 227, 228, 229, 231, 232, 235, 236, 238, 239, 240, 241, 242, 243, 245, 247, 248, 250, 252, 255, 265, 268, 269, 270, 272], "excluded_lines": [], "functions": {"RuleFileHandler.__init__": {"executed_lines": [], "summary": {"covered_lines": 0, "num_statements": 2, "percent_covered": 0.0, "percent_covered_display": "0", "missing_lines": 2, "excluded_lines": 0}, "missing_lines": [16, 17], "excluded_lines": []}, "RuleFileHandler.on_modified": {"executed_lines": [], "summary": {"covered_lines": 0, "num_statements": 5, "percent_covered": 0.0, "percent_covered_display": "0", "missing_lines": 5, "excluded_lines": 0}, "missing_lines": [21, 22, 24, 25, 26], "excluded_lines": []}, "RuleFileHandler.on_created": {"executed_lines": [], "summary": {"covered_lines": 0, "num_statements": 5, "percent_covered": 0.0, "percent_covered_display": "0", "missing_lines": 5, "excluded_lines": 0}, "missing_lines": [30, 31, 33, 34, 35], "excluded_lines": []}, "RuleFileHandler.on_deleted": {"executed_lines": [], "summary": {"covered_lines": 0, "num_statements": 5, "percent_covered": 0.0, "percent_covered_display": "0", "missing_lines": 5, "excluded_lines": 0}, "missing_lines": [39, 40, 42, 43, 44], "excluded_lines": []}, "HotReloadService.__init__": {"executed_lines": [], "summary": {"covered_lines": 0, "num_statements": 15, "percent_covered": 0.0, "percent_covered_display": "0", "missing_lines": 15, "excluded_lines": 0}, "missing_lines": [57, 58, 59, 60, 61, 64, 65, 66, 69, 70, 73, 74, 75, 76, 77], "excluded_lines": []}, "HotReloadService.add_watch_directory": {"executed_lines": [], "summary": {"covered_lines": 0, "num_statements": 4, "percent_covered": 0.0, "percent_covered_display": "0", "missing_lines": 4, "excluded_lines": 0}, "missing_lines": [85, 86, 89, 90], "excluded_lines": []}, "HotReloadService.remove_watch_directory": {"executed_lines": [], "summary": {"covered_lines": 0, "num_statements": 5, "percent_covered": 0.0, "percent_covered_display": "0", "missing_lines": 5, "excluded_lines": 0}, "missing_lines": [102, 103, 106, 107, 108], "excluded_lines": []}, "HotReloadService.start": {"executed_lines": [], "summary": {"covered_lines": 0, "num_statements": 8, "percent_covered": 0.0, "percent_covered_display": "0", "missing_lines": 8, "excluded_lines": 0}, "missing_lines": [112, 113, 116, 117, 118, 124, 125, 126], "excluded_lines": []}, "HotReloadService.stop": {"executed_lines": [], "summary": {"covered_lines": 0, "num_statements": 6, "percent_covered": 0.0, "percent_covered_display": "0", "missing_lines": 6, "excluded_lines": 0}, "missing_lines": [130, 131, 133, 134, 135, 136], "excluded_lines": []}, "HotReloadService.queue_reload": {"executed_lines": [], "summary": {"covered_lines": 0, "num_statements": 3, "percent_covered": 0.0, "percent_covered_display": "0", "missing_lines": 3, "excluded_lines": 0}, "missing_lines": [144, 145, 148], "excluded_lines": []}, "HotReloadService._maybe_perform_reload": {"executed_lines": [], "summary": {"covered_lines": 0, "num_statements": 4, "percent_covered": 0.0, "percent_covered_display": "0", "missing_lines": 4, "excluded_lines": 0}, "missing_lines": [152, 155, 156, 157], "excluded_lines": []}, "HotReloadService._perform_reload": {"executed_lines": [], "summary": {"covered_lines": 0, "num_statements": 12, "percent_covered": 0.0, "percent_covered_display": "0", "missing_lines": 12, "excluded_lines": 0}, "missing_lines": [161, 162, 163, 165, 168, 171, 174, 175, 177, 178, 180, 181], "excluded_lines": []}, "HotReloadService.force_reload": {"executed_lines": [], "summary": {"covered_lines": 0, "num_statements": 9, "percent_covered": 0.0, "percent_covered_display": "0", "missing_lines": 9, "excluded_lines": 0}, "missing_lines": [185, 186, 187, 188, 189, 191, 192, 194, 195], "excluded_lines": []}, "HotReloadService.get_status": {"executed_lines": [], "summary": {"covered_lines": 0, "num_statements": 1, "percent_covered": 0.0, "percent_covered_display": "0", "missing_lines": 1, "excluded_lines": 0}, "missing_lines": [203], "excluded_lines": []}, "HotReloadService.set_debounce_time": {"executed_lines": [], "summary": {"covered_lines": 0, "num_statements": 2, "percent_covered": 0.0, "percent_covered_display": "0", "missing_lines": 2, "excluded_lines": 0}, "missing_lines": [219, 220], "excluded_lines": []}, "HotReloadService.run_daemon": {"executed_lines": [], "summary": {"covered_lines": 0, "num_statements": 13, "percent_covered": 0.0, "percent_covered_display": "0", "missing_lines": 13, "excluded_lines": 0}, "missing_lines": [227, 228, 229, 231, 232, 235, 236, 238, 239, 240, 241, 242, 243], "excluded_lines": []}, "HotReloadService.__enter__": {"executed_lines": [], "summary": {"covered_lines": 0, "num_statements": 2, "percent_covered": 0.0, "percent_covered_display": "0", "missing_lines": 2, "excluded_lines": 0}, "missing_lines": [247, 248], "excluded_lines": []}, "HotReloadService.__exit__": {"executed_lines": [], "summary": {"covered_lines": 0, "num_statements": 1, "percent_covered": 0.0, "percent_covered_display": "0", "missing_lines": 1, "excluded_lines": 0}, "missing_lines": [252], "excluded_lines": []}, "create_hot_reload_service": {"executed_lines": [], "summary": {"covered_lines": 0, "num_statements": 5, "percent_covered": 0.0, "percent_covered_display": "0", "missing_lines": 5, "excluded_lines": 0}, "missing_lines": [265, 268, 269, 270, 272], "excluded_lines": []}, "": {"executed_lines": [], "summary": {"covered_lines": 0, "num_statements": 27, "percent_covered": 0.0, "percent_covered_display": "0", "missing_lines": 27, "excluded_lines": 0}, "missing_lines": [3, 4, 5, 6, 7, 9, 12, 15, 19, 28, 37, 47, 50, 79, 96, 110, 128, 138, 150, 159, 183, 197, 213, 222, 245, 250, 255], "excluded_lines": []}}, "classes": {"RuleFileHandler": {"executed_lines": [], "summary": {"covered_lines": 0, "num_statements": 17, "percent_covered": 0.0, "percent_covered_display": "0", "missing_lines": 17, "excluded_lines": 0}, "missing_lines": [16, 17, 21, 22, 24, 25, 26, 30, 31, 33, 34, 35, 39, 40, 42, 43, 44], "excluded_lines": []}, "HotReloadService": {"executed_lines": [], "summary": {"covered_lines": 0, "num_statements": 85, "percent_covered": 0.0, "percent_covered_display": "0", "missing_lines": 85, "excluded_lines": 0}, "missing_lines": [57, 58, 59, 60, 61, 64, 65, 66, 69, 70, 73, 74, 75, 76, 77, 85, 86, 89, 90, 102, 103, 106, 107, 108, 112, 113, 116, 117, 118, 124, 125, 126, 130, 131, 133, 134, 135, 136, 144, 145, 148, 152, 155, 156, 157, 161, 162, 163, 165, 168, 171, 174, 175, 177, 178, 180, 181, 185, 186, 187, 188, 189, 191, 192, 194, 195, 203, 219, 220, 227, 228, 229, 231, 232, 235, 236, 238, 239, 240, 241, 242, 243, 247, 248, 252], "excluded_lines": []}, "": {"executed_lines": [], "summary": {"covered_lines": 0, "num_statements": 32, "percent_covered": 0.0, "percent_covered_display": "0", "missing_lines": 32, "excluded_lines": 0}, "missing_lines": [3, 4, 5, 6, 7, 9, 12, 15, 19, 28, 37, 47, 50, 79, 96, 110, 128, 138, 150, 159, 183, 197, 213, 222, 245, 250, 255, 265, 268, 269, 270, 272], "excluded_lines": []}}}, "src/adversary_mcp_server/server.py": {"executed_lines": [1, 3, 4, 5, 6, 7, 8, 9, 11, 12, 13, 14, 22, 24, 25, 26, 27, 30, 31, 34, 35, 37, 40, 41, 43, 44, 45, 46, 47, 48, 51, 52, 54, 55, 56, 59, 60, 62, 75, 320, 361, 408, 451, 512, 553, 598, 636, 671, 689, 754, 762, 768, 780], "summary": {"covered_lines": 48, "num_statements": 328, "percent_covered": 14.634146341463415, "percent_covered_display": "15", "missing_lines": 280, "excluded_lines": 0}, "missing_lines": [64, 65, 68, 69, 70, 73, 78, 79, 81, 290, 291, 295, 296, 297, 298, 299, 300, 301, 302, 303, 304, 305, 306, 307, 308, 309, 310, 311, 313, 315, 316, 317, 318, 324, 325, 326, 327, 328, 329, 332, 335, 338, 339, 342, 343, 344, 345, 348, 349, 350, 355, 356, 358, 359, 365, 366, 367, 368, 369, 371, 372, 375, 378, 379, 382, 383, 384, 385, 386, 387, 388, 390, 391, 392, 395, 396, 397, 402, 403, 405, 406, 412, 413, 414, 415, 416, 417, 421, 422, 425, 428, 429, 432, 433, 434, 435, 438, 439, 440, 445, 446, 448, 449, 455, 456, 457, 458, 459, 462, 465, 473, 475, 487, 492, 493, 494, 495, 497, 498, 499, 500, 501, 503, 507, 509, 510, 516, 517, 518, 519, 521, 524, 525, 527, 528, 529, 535, 536, 539, 541, 542, 543, 544, 545, 546, 548, 550, 551, 557, 558, 559, 561, 562, 565, 566, 567, 568, 569, 570, 572, 573, 574, 575, 576, 578, 579, 581, 582, 583, 584, 585, 587, 588, 590, 591, 593, 595, 596, 602, 603, 606, 607, 609, 610, 612, 613, 615, 616, 619, 622, 624, 625, 626, 627, 628, 629, 631, 633, 634, 638, 639, 641, 642, 643, 644, 645, 646, 648, 649, 650, 653, 654, 655, 656, 658, 659, 661, 662, 663, 664, 666, 668, 669, 675, 681, 683, 691, 693, 694, 695, 698, 699, 700, 701, 703, 704, 705, 706, 707, 708, 711, 712, 715, 717, 718, 725, 726, 727, 728, 729, 731, 732, 733, 735, 736, 737, 738, 739, 741, 742, 744, 745, 746, 747, 748, 750, 752, 756, 757, 764, 765, 770, 771, 772, 773, 774, 775, 776, 777, 781], "excluded_lines": [], "functions": {"AdversaryMCPServer.__init__": {"executed_lines": [], "summary": {"covered_lines": 0, "num_statements": 6, "percent_covered": 0.0, "percent_covered_display": "0", "missing_lines": 6, "excluded_lines": 0}, "missing_lines": [64, 65, 68, 69, 70, 73], "excluded_lines": []}, "AdversaryMCPServer._setup_handlers": {"executed_lines": [], "summary": {"covered_lines": 0, "num_statements": 4, "percent_covered": 0.0, "percent_covered_display": "0", "missing_lines": 4, "excluded_lines": 0}, "missing_lines": [78, 79, 290, 291], "excluded_lines": []}, "AdversaryMCPServer._setup_handlers.list_tools": {"executed_lines": [], "summary": {"covered_lines": 0, "num_statements": 1, "percent_covered": 0.0, "percent_covered_display": "0", "missing_lines": 1, "excluded_lines": 0}, "missing_lines": [81], "excluded_lines": []}, "AdversaryMCPServer._setup_handlers.call_tool": {"executed_lines": [], "summary": {"covered_lines": 0, "num_statements": 22, "percent_covered": 0.0, "percent_covered_display": "0", "missing_lines": 22, "excluded_lines": 0}, "missing_lines": [295, 296, 297, 298, 299, 300, 301, 302, 303, 304, 305, 306, 307, 308, 309, 310, 311, 313, 315, 316, 317, 318], "excluded_lines": []}, "AdversaryMCPServer._handle_scan_code": {"executed_lines": [], "summary": {"covered_lines": 0, "num_statements": 21, "percent_covered": 0.0, "percent_covered_display": "0", "missing_lines": 21, "excluded_lines": 0}, "missing_lines": [324, 325, 326, 327, 328, 329, 332, 335, 338, 339, 342, 343, 344, 345, 348, 349, 350, 355, 356, 358, 359], "excluded_lines": []}, "AdversaryMCPServer._handle_scan_file": {"executed_lines": [], "summary": {"covered_lines": 0, "num_statements": 27, "percent_covered": 0.0, "percent_covered_display": "0", "missing_lines": 27, "excluded_lines": 0}, "missing_lines": [365, 366, 367, 368, 369, 371, 372, 375, 378, 379, 382, 383, 384, 385, 386, 387, 388, 390, 391, 392, 395, 396, 397, 402, 403, 405, 406], "excluded_lines": []}, "AdversaryMCPServer._handle_scan_directory": {"executed_lines": [], "summary": {"covered_lines": 0, "num_statements": 22, "percent_covered": 0.0, "percent_covered_display": "0", "missing_lines": 22, "excluded_lines": 0}, "missing_lines": [412, 413, 414, 415, 416, 417, 421, 422, 425, 428, 429, 432, 433, 434, 435, 438, 439, 440, 445, 446, 448, 449], "excluded_lines": []}, "AdversaryMCPServer._handle_generate_exploit": {"executed_lines": [], "summary": {"covered_lines": 0, "num_statements": 23, "percent_covered": 0.0, "percent_covered_display": "0", "missing_lines": 23, "excluded_lines": 0}, "missing_lines": [455, 456, 457, 458, 459, 462, 465, 473, 475, 487, 492, 493, 494, 495, 497, 498, 499, 500, 501, 503, 507, 509, 510], "excluded_lines": []}, "AdversaryMCPServer._handle_list_rules": {"executed_lines": [], "summary": {"covered_lines": 0, "num_statements": 22, "percent_covered": 0.0, "percent_covered_display": "0", "missing_lines": 22, "excluded_lines": 0}, "missing_lines": [516, 517, 518, 519, 521, 524, 525, 527, 528, 529, 535, 536, 539, 541, 542, 543, 544, 545, 546, 548, 550, 551], "excluded_lines": []}, "AdversaryMCPServer._handle_get_rule_details": {"executed_lines": [], "summary": {"covered_lines": 0, "num_statements": 30, "percent_covered": 0.0, "percent_covered_display": "0", "missing_lines": 30, "excluded_lines": 0}, "missing_lines": [557, 558, 559, 561, 562, 565, 566, 567, 568, 569, 570, 572, 573, 574, 575, 576, 578, 579, 581, 582, 583, 584, 585, 587, 588, 590, 591, 593, 595, 596], "excluded_lines": []}, "AdversaryMCPServer._handle_configure_settings": {"executed_lines": [], "summary": {"covered_lines": 0, "num_statements": 21, "percent_covered": 0.0, "percent_covered_display": "0", "missing_lines": 21, "excluded_lines": 0}, "missing_lines": [602, 603, 606, 607, 609, 610, 612, 613, 615, 616, 619, 622, 624, 625, 626, 627, 628, 629, 631, 633, 634], "excluded_lines": []}, "AdversaryMCPServer._handle_get_status": {"executed_lines": [], "summary": {"covered_lines": 0, "num_statements": 24, "percent_covered": 0.0, "percent_covered_display": "0", "missing_lines": 24, "excluded_lines": 0}, "missing_lines": [638, 639, 641, 642, 643, 644, 645, 646, 648, 649, 650, 653, 654, 655, 656, 658, 659, 661, 662, 663, 664, 666, 668, 669], "excluded_lines": []}, "AdversaryMCPServer._filter_threats_by_severity": {"executed_lines": [], "summary": {"covered_lines": 0, "num_statements": 3, "percent_covered": 0.0, "percent_covered_display": "0", "missing_lines": 3, "excluded_lines": 0}, "missing_lines": [675, 681, 683], "excluded_lines": []}, "AdversaryMCPServer._format_scan_results": {"executed_lines": [], "summary": {"covered_lines": 0, "num_statements": 41, "percent_covered": 0.0, "percent_covered_display": "0", "missing_lines": 41, "excluded_lines": 0}, "missing_lines": [691, 693, 694, 695, 698, 699, 700, 701, 703, 704, 705, 706, 707, 708, 711, 712, 715, 717, 718, 725, 726, 727, 728, 729, 731, 732, 733, 735, 736, 737, 738, 739, 741, 742, 744, 745, 746, 747, 748, 750, 752], "excluded_lines": []}, "AdversaryMCPServer.run": {"executed_lines": [], "summary": {"covered_lines": 0, "num_statements": 2, "percent_covered": 0.0, "percent_covered_display": "0", "missing_lines": 2, "excluded_lines": 0}, "missing_lines": [756, 757], "excluded_lines": []}, "async_main": {"executed_lines": [], "summary": {"covered_lines": 0, "num_statements": 2, "percent_covered": 0.0, "percent_covered_display": "0", "missing_lines": 2, "excluded_lines": 0}, "missing_lines": [764, 765], "excluded_lines": []}, "main": {"executed_lines": [], "summary": {"covered_lines": 0, "num_statements": 8, "percent_covered": 0.0, "percent_covered_display": "0", "missing_lines": 8, "excluded_lines": 0}, "missing_lines": [770, 771, 772, 773, 774, 775, 776, 777], "excluded_lines": []}, "": {"executed_lines": [1, 3, 4, 5, 6, 7, 8, 9, 11, 12, 13, 14, 22, 24, 25, 26, 27, 30, 31, 34, 35, 37, 40, 41, 43, 44, 45, 46, 47, 48, 51, 52, 54, 55, 56, 59, 60, 62, 75, 320, 361, 408, 451, 512, 553, 598, 636, 671, 689, 754, 762, 768, 780], "summary": {"covered_lines": 48, "num_statements": 49, "percent_covered": 97.95918367346938, "percent_covered_display": "98", "missing_lines": 1, "excluded_lines": 0}, "missing_lines": [781], "excluded_lines": []}}, "classes": {"AdversaryToolError": {"executed_lines": [], "summary": {"covered_lines": 0, "num_statements": 0, "percent_covered": 100.0, "percent_covered_display": "100", "missing_lines": 0, "excluded_lines": 0}, "missing_lines": [], "excluded_lines": []}, "ScanRequest": {"executed_lines": [], "summary": {"covered_lines": 0, "num_statements": 0, "percent_covered": 100.0, "percent_covered_display": "100", "missing_lines": 0, "excluded_lines": 0}, "missing_lines": [], "excluded_lines": []}, "ScanResult": {"executed_lines": [], "summary": {"covered_lines": 0, "num_statements": 0, "percent_covered": 100.0, "percent_covered_display": "100", "missing_lines": 0, "excluded_lines": 0}, "missing_lines": [], "excluded_lines": []}, "AdversaryMCPServer": {"executed_lines": [], "summary": {"covered_lines": 0, "num_statements": 269, "percent_covered": 0.0, "percent_covered_display": "0", "missing_lines": 269, "excluded_lines": 0}, "missing_lines": [64, 65, 68, 69, 70, 73, 78, 79, 81, 290, 291, 295, 296, 297, 298, 299, 300, 301, 302, 303, 304, 305, 306, 307, 308, 309, 310, 311, 313, 315, 316, 317, 318, 324, 325, 326, 327, 328, 329, 332, 335, 338, 339, 342, 343, 344, 345, 348, 349, 350, 355, 356, 358, 359, 365, 366, 367, 368, 369, 371, 372, 375, 378, 379, 382, 383, 384, 385, 386, 387, 388, 390, 391, 392, 395, 396, 397, 402, 403, 405, 406, 412, 413, 414, 415, 416, 417, 421, 422, 425, 428, 429, 432, 433, 434, 435, 438, 439, 440, 445, 446, 448, 449, 455, 456, 457, 458, 459, 462, 465, 473, 475, 487, 492, 493, 494, 495, 497, 498, 499, 500, 501, 503, 507, 509, 510, 516, 517, 518, 519, 521, 524, 525, 527, 528, 529, 535, 536, 539, 541, 542, 543, 544, 545, 546, 548, 550, 551, 557, 558, 559, 561, 562, 565, 566, 567, 568, 569, 570, 572, 573, 574, 575, 576, 578, 579, 581, 582, 583, 584, 585, 587, 588, 590, 591, 593, 595, 596, 602, 603, 606, 607, 609, 610, 612, 613, 615, 616, 619, 622, 624, 625, 626, 627, 628, 629, 631, 633, 634, 638, 639, 641, 642, 643, 644, 645, 646, 648, 649, 650, 653, 654, 655, 656, 658, 659, 661, 662, 663, 664, 666, 668, 669, 675, 681, 683, 691, 693, 694, 695, 698, 699, 700, 701, 703, 704, 705, 706, 707, 708, 711, 712, 715, 717, 718, 725, 726, 727, 728, 729, 731, 732, 733, 735, 736, 737, 738, 739, 741, 742, 744, 745, 746, 747, 748, 750, 752, 756, 757], "excluded_lines": []}, "": {"executed_lines": [1, 3, 4, 5, 6, 7, 8, 9, 11, 12, 13, 14, 22, 24, 25, 26, 27, 30, 31, 34, 35, 37, 40, 41, 43, 44, 45, 46, 47, 48, 51, 52, 54, 55, 56, 59, 60, 62, 75, 320, 361, 408, 451, 512, 553, 598, 636, 671, 689, 754, 762, 768, 780], "summary": {"covered_lines": 48, "num_statements": 59, "percent_covered": 81.35593220338983, "percent_covered_display": "81", "missing_lines": 11, "excluded_lines": 0}, "missing_lines": [764, 765, 770, 771, 772, 773, 774, 775, 776, 777, 781], "excluded_lines": []}}}, "src/adversary_mcp_server/threat_engine.py": {"executed_lines": [1, 3, 4, 5, 6, 7, 9, 10, 11, 12, 15, 16, 18, 19, 20, 21, 24, 25, 27, 28, 29, 30, 31, 32, 33, 34, 35, 36, 37, 38, 39, 40, 43, 44, 46, 47, 48, 51, 52, 54, 55, 56, 57, 59, 60, 61, 62, 70, 71, 72, 75, 76, 78, 79, 80, 81, 83, 84, 85, 86, 87, 88, 89, 92, 93, 95, 96, 97, 98, 99, 100, 103, 106, 109, 110, 113, 114, 115, 117, 118, 119, 120, 121, 124, 127, 128, 129, 131, 132, 133, 134, 135, 138, 139, 140, 143, 144, 147, 150, 151, 154, 155, 156, 159, 165, 166, 169, 172, 173, 174, 175, 177, 180, 186, 189, 197, 198, 199, 202, 205, 206, 207, 208, 209, 210, 215, 216, 217, 218, 219, 224, 225, 227, 234, 235, 240, 243, 246, 247, 250, 253, 256, 257, 258, 261, 262, 263, 266, 272, 275, 281, 284, 287, 290, 296, 297, 298, 300, 303, 304, 305, 306, 307, 309, 310, 315, 321, 324, 325, 327, 329, 338, 340, 349, 351, 360, 362, 371, 377, 379, 385, 387, 389, 390, 391, 393, 394, 395, 397, 407, 411, 559, 568, 571, 573, 575, 577, 578, 581, 582, 588, 590, 601, 607, 623, 645, 674, 700, 734, 749], "summary": {"covered_lines": 201, "num_statements": 298, "percent_covered": 67.4496644295302, "percent_covered_display": "67", "missing_lines": 97, "excluded_lines": 0}, "missing_lines": [211, 212, 220, 221, 267, 268, 269, 273, 282, 285, 288, 301, 312, 313, 326, 398, 399, 401, 402, 403, 404, 408, 409, 414, 504, 556, 557, 572, 574, 576, 583, 584, 585, 586, 596, 598, 599, 626, 627, 628, 631, 632, 635, 638, 639, 640, 641, 642, 643, 652, 653, 656, 657, 660, 661, 662, 664, 665, 666, 669, 672, 683, 684, 686, 689, 692, 693, 694, 698, 706, 709, 710, 711, 712, 715, 716, 717, 718, 721, 722, 723, 725, 740, 742, 743, 744, 745, 747, 758, 759, 760, 761, 763, 764, 765, 768, 770], "excluded_lines": [], "functions": {"MatchCondition.validate_type": {"executed_lines": [62, 70, 71, 72], "summary": {"covered_lines": 4, "num_statements": 4, "percent_covered": 100.0, "percent_covered_display": "100", "missing_lines": 0, "excluded_lines": 0}, "missing_lines": [], "excluded_lines": []}, "ExploitTemplate.validate_type": {"executed_lines": [86, 87, 88, 89], "summary": {"covered_lines": 4, "num_statements": 4, "percent_covered": 100.0, "percent_covered_display": "100", "missing_lines": 0, "excluded_lines": 0}, "missing_lines": [], "excluded_lines": []}, "ThreatRule.validate_id": {"executed_lines": [120, 121, 124], "summary": {"covered_lines": 3, "num_statements": 3, "percent_covered": 100.0, "percent_covered_display": "100", "missing_lines": 0, "excluded_lines": 0}, "missing_lines": [], "excluded_lines": []}, "get_user_rules_directory": {"executed_lines": [165, 166, 169, 172, 173, 174, 175, 177], "summary": {"covered_lines": 8, "num_statements": 8, "percent_covered": 100.0, "percent_covered_display": "100", "missing_lines": 0, "excluded_lines": 0}, "missing_lines": [], "excluded_lines": []}, "get_builtin_rules_directory": {"executed_lines": [186], "summary": {"covered_lines": 1, "num_statements": 1, "percent_covered": 100.0, "percent_covered_display": "100", "missing_lines": 0, "excluded_lines": 0}, "missing_lines": [], "excluded_lines": []}, "initialize_user_rules_directory": {"executed_lines": [197, 198, 199, 202, 205, 206, 207, 208, 209, 210, 215, 216, 217, 218, 219], "summary": {"covered_lines": 15, "num_statements": 19, "percent_covered": 78.94736842105263, "percent_covered_display": "79", "missing_lines": 4, "excluded_lines": 0}, "missing_lines": [211, 212, 220, 221], "excluded_lines": []}, "ThreatEngine.__init__": {"executed_lines": [234, 235, 240, 243, 246, 247, 250, 253, 256, 257, 258, 261, 262, 263, 266, 272], "summary": {"covered_lines": 16, "num_statements": 20, "percent_covered": 80.0, "percent_covered_display": "80", "missing_lines": 4, "excluded_lines": 0}, "missing_lines": [267, 268, 269, 273], "excluded_lines": []}, "ThreatEngine.load_rules_from_directory": {"executed_lines": [281, 284, 287], "summary": {"covered_lines": 3, "num_statements": 6, "percent_covered": 50.0, "percent_covered_display": "50", "missing_lines": 3, "excluded_lines": 0}, "missing_lines": [282, 285, 288], "excluded_lines": []}, "ThreatEngine.load_rules_from_file": {"executed_lines": [296, 297, 298, 300, 303, 304, 305, 306, 307, 309, 310], "summary": {"covered_lines": 11, "num_statements": 14, "percent_covered": 78.57142857142857, "percent_covered_display": "79", "missing_lines": 3, "excluded_lines": 0}, "missing_lines": [301, 312, 313], "excluded_lines": []}, "ThreatEngine.add_rule": {"executed_lines": [321, 324, 325, 327], "summary": {"covered_lines": 4, "num_statements": 5, "percent_covered": 80.0, "percent_covered_display": "80", "missing_lines": 1, "excluded_lines": 0}, "missing_lines": [326], "excluded_lines": []}, "ThreatEngine.get_rules_for_language": {"executed_lines": [338], "summary": {"covered_lines": 1, "num_statements": 1, "percent_covered": 100.0, "percent_covered_display": "100", "missing_lines": 0, "excluded_lines": 0}, "missing_lines": [], "excluded_lines": []}, "ThreatEngine.get_rule_by_id": {"executed_lines": [349], "summary": {"covered_lines": 1, "num_statements": 1, "percent_covered": 100.0, "percent_covered_display": "100", "missing_lines": 0, "excluded_lines": 0}, "missing_lines": [], "excluded_lines": []}, "ThreatEngine.get_rules_by_category": {"executed_lines": [360], "summary": {"covered_lines": 1, "num_statements": 1, "percent_covered": 100.0, "percent_covered_display": "100", "missing_lines": 0, "excluded_lines": 0}, "missing_lines": [], "excluded_lines": []}, "ThreatEngine.get_rules_by_severity": {"executed_lines": [371, 377, 379], "summary": {"covered_lines": 3, "num_statements": 3, "percent_covered": 100.0, "percent_covered_display": "100", "missing_lines": 0, "excluded_lines": 0}, "missing_lines": [], "excluded_lines": []}, "ThreatEngine._load_builtin_rules": {"executed_lines": [387, 389, 390, 391, 393, 394, 395, 397, 407], "summary": {"covered_lines": 9, "num_statements": 17, "percent_covered": 52.94117647058823, "percent_covered_display": "53", "missing_lines": 8, "excluded_lines": 0}, "missing_lines": [398, 399, 401, 402, 403, 404, 408, 409], "excluded_lines": []}, "ThreatEngine._load_default_rules": {"executed_lines": [], "summary": {"covered_lines": 0, "num_statements": 4, "percent_covered": 0.0, "percent_covered_display": "0", "missing_lines": 4, "excluded_lines": 0}, "missing_lines": [414, 504, 556, 557], "excluded_lines": []}, "ThreatEngine.validate_rule": {"executed_lines": [568, 571, 573, 575, 577, 578, 581, 582, 588], "summary": {"covered_lines": 9, "num_statements": 16, "percent_covered": 56.25, "percent_covered_display": "56", "missing_lines": 7, "excluded_lines": 0}, "missing_lines": [572, 574, 576, 583, 584, 585, 586], "excluded_lines": []}, "ThreatEngine.export_rules_to_yaml": {"executed_lines": [], "summary": {"covered_lines": 0, "num_statements": 3, "percent_covered": 0.0, "percent_covered_display": "0", "missing_lines": 3, "excluded_lines": 0}, "missing_lines": [596, 598, 599], "excluded_lines": []}, "ThreatEngine.list_rules": {"executed_lines": [607], "summary": {"covered_lines": 1, "num_statements": 1, "percent_covered": 100.0, "percent_covered_display": "100", "missing_lines": 0, "excluded_lines": 0}, "missing_lines": [], "excluded_lines": []}, "ThreatEngine.reload_rules": {"executed_lines": [], "summary": {"covered_lines": 0, "num_statements": 12, "percent_covered": 0.0, "percent_covered_display": "0", "missing_lines": 12, "excluded_lines": 0}, "missing_lines": [626, 627, 628, 631, 632, 635, 638, 639, 640, 641, 642, 643], "excluded_lines": []}, "ThreatEngine.import_rules_from_file": {"executed_lines": [], "summary": {"covered_lines": 0, "num_statements": 12, "percent_covered": 0.0, "percent_covered_display": "0", "missing_lines": 12, "excluded_lines": 0}, "missing_lines": [652, 653, 656, 657, 660, 661, 662, 664, 665, 666, 669, 672], "excluded_lines": []}, "ThreatEngine.remove_rule": {"executed_lines": [], "summary": {"covered_lines": 0, "num_statements": 8, "percent_covered": 0.0, "percent_covered_display": "0", "missing_lines": 8, "excluded_lines": 0}, "missing_lines": [683, 684, 686, 689, 692, 693, 694, 698], "excluded_lines": []}, "ThreatEngine.get_rule_statistics": {"executed_lines": [], "summary": {"covered_lines": 0, "num_statements": 13, "percent_covered": 0.0, "percent_covered_display": "0", "missing_lines": 13, "excluded_lines": 0}, "missing_lines": [706, 709, 710, 711, 712, 715, 716, 717, 718, 721, 722, 723, 725], "excluded_lines": []}, "ThreatEngine.validate_all_rules": {"executed_lines": [], "summary": {"covered_lines": 0, "num_statements": 6, "percent_covered": 0.0, "percent_covered_display": "0", "missing_lines": 6, "excluded_lines": 0}, "missing_lines": [740, 742, 743, 744, 745, 747], "excluded_lines": []}, "ThreatEngine.find_rules_by_pattern": {"executed_lines": [], "summary": {"covered_lines": 0, "num_statements": 9, "percent_covered": 0.0, "percent_covered_display": "0", "missing_lines": 9, "excluded_lines": 0}, "missing_lines": [758, 759, 760, 761, 763, 764, 765, 768, 770], "excluded_lines": []}, "": {"executed_lines": [1, 3, 4, 5, 6, 7, 9, 10, 11, 12, 15, 16, 18, 19, 20, 21, 24, 25, 27, 28, 29, 30, 31, 32, 33, 34, 35, 36, 37, 38, 39, 40, 43, 44, 46, 47, 48, 51, 52, 54, 55, 56, 57, 59, 60, 61, 75, 76, 78, 79, 80, 81, 83, 84, 85, 92, 93, 95, 96, 97, 98, 99, 100, 103, 106, 109, 110, 113, 114, 115, 117, 118, 119, 127, 128, 129, 131, 132, 133, 134, 135, 138, 139, 140, 143, 144, 147, 150, 151, 154, 155, 156, 159, 180, 189, 224, 225, 227, 275, 290, 315, 329, 340, 351, 362, 385, 411, 559, 590, 601, 623, 645, 674, 700, 734, 749], "summary": {"covered_lines": 107, "num_statements": 107, "percent_covered": 100.0, "percent_covered_display": "100", "missing_lines": 0, "excluded_lines": 0}, "missing_lines": [], "excluded_lines": []}}, "classes": {"Severity": {"executed_lines": [], "summary": {"covered_lines": 0, "num_statements": 0, "percent_covered": 100.0, "percent_covered_display": "100", "missing_lines": 0, "excluded_lines": 0}, "missing_lines": [], "excluded_lines": []}, "Category": {"executed_lines": [], "summary": {"covered_lines": 0, "num_statements": 0, "percent_covered": 100.0, "percent_covered_display": "100", "missing_lines": 0, "excluded_lines": 0}, "missing_lines": [], "excluded_lines": []}, "Language": {"executed_lines": [], "summary": {"covered_lines": 0, "num_statements": 0, "percent_covered": 100.0, "percent_covered_display": "100", "missing_lines": 0, "excluded_lines": 0}, "missing_lines": [], "excluded_lines": []}, "MatchCondition": {"executed_lines": [62, 70, 71, 72], "summary": {"covered_lines": 4, "num_statements": 4, "percent_covered": 100.0, "percent_covered_display": "100", "missing_lines": 0, "excluded_lines": 0}, "missing_lines": [], "excluded_lines": []}, "ExploitTemplate": {"executed_lines": [86, 87, 88, 89], "summary": {"covered_lines": 4, "num_statements": 4, "percent_covered": 100.0, "percent_covered_display": "100", "missing_lines": 0, "excluded_lines": 0}, "missing_lines": [], "excluded_lines": []}, "ThreatRule": {"executed_lines": [120, 121, 124], "summary": {"covered_lines": 3, "num_statements": 3, "percent_covered": 100.0, "percent_covered_display": "100", "missing_lines": 0, "excluded_lines": 0}, "missing_lines": [], "excluded_lines": []}, "ThreatMatch": {"executed_lines": [], "summary": {"covered_lines": 0, "num_statements": 0, "percent_covered": 100.0, "percent_covered_display": "100", "missing_lines": 0, "excluded_lines": 0}, "missing_lines": [], "excluded_lines": []}, "ThreatEngine": {"executed_lines": [234, 235, 240, 243, 246, 247, 250, 253, 256, 257, 258, 261, 262, 263, 266, 272, 281, 284, 287, 296, 297, 298, 300, 303, 304, 305, 306, 307, 309, 310, 321, 324, 325, 327, 338, 349, 360, 371, 377, 379, 387, 389, 390, 391, 393, 394, 395, 397, 407, 568, 571, 573, 575, 577, 578, 581, 582, 588, 607], "summary": {"covered_lines": 59, "num_statements": 152, "percent_covered": 38.81578947368421, "percent_covered_display": "39", "missing_lines": 93, "excluded_lines": 0}, "missing_lines": [267, 268, 269, 273, 282, 285, 288, 301, 312, 313, 326, 398, 399, 401, 402, 403, 404, 408, 409, 414, 504, 556, 557, 572, 574, 576, 583, 584, 585, 586, 596, 598, 599, 626, 627, 628, 631, 632, 635, 638, 639, 640, 641, 642, 643, 652, 653, 656, 657, 660, 661, 662, 664, 665, 666, 669, 672, 683, 684, 686, 689, 692, 693, 694, 698, 706, 709, 710, 711, 712, 715, 716, 717, 718, 721, 722, 723, 725, 740, 742, 743, 744, 745, 747, 758, 759, 760, 761, 763, 764, 765, 768, 770], "excluded_lines": []}, "": {"executed_lines": [1, 3, 4, 5, 6, 7, 9, 10, 11, 12, 15, 16, 18, 19, 20, 21, 24, 25, 27, 28, 29, 30, 31, 32, 33, 34, 35, 36, 37, 38, 39, 40, 43, 44, 46, 47, 48, 51, 52, 54, 55, 56, 57, 59, 60, 61, 75, 76, 78, 79, 80, 81, 83, 84, 85, 92, 93, 95, 96, 97, 98, 99, 100, 103, 106, 109, 110, 113, 114, 115, 117, 118, 119, 127, 128, 129, 131, 132, 133, 134, 135, 138, 139, 140, 143, 144, 147, 150, 151, 154, 155, 156, 159, 165, 166, 169, 172, 173, 174, 175, 177, 180, 186, 189, 197, 198, 199, 202, 205, 206, 207, 208, 209, 210, 215, 216, 217, 218, 219, 224, 225, 227, 275, 290, 315, 329, 340, 351, 362, 385, 411, 559, 590, 601, 623, 645, 674, 700, 734, 749], "summary": {"covered_lines": 131, "num_statements": 135, "percent_covered": 97.03703703703704, "percent_covered_display": "97", "missing_lines": 4, "excluded_lines": 0}, "missing_lines": [211, 212, 220, 221], "excluded_lines": []}}}}, "totals": {"covered_lines": 383, "num_statements": 1877, "percent_covered": 20.404901438465636, "percent_covered_display": "20", "missing_lines": 1494, "excluded_lines": 0}}